[ 2017-04-03T00:51:16+08:00 ] 127.0.0.1 /lafei/html/index.php?s=/home/user/logined.html
INFO: [ app_begin ] --START--
INFO: Run Think\Behavior\ReadHtmlCache [ RunTime:0.000034s ]
INFO: [ app_begin ] --END-- [ RunTime:0.000258s ]
INFO: [ action_begin ] --START--
INFO: [ action_begin ] --END-- [ RunTime:0.000021s ]
NOTIC: [8192] mysql_connect(): The mysql extension is deprecated and will be removed in the future: use mysqli or PDO instead /Applications/MAMP/htdocs/lafei/ThinkPHP/Library/Think/Db/Driver/Mysql.class.php 第 52 行.
SQL: SHOW COLUMNS FROM `gygy_params` [ RunTime:0.006047s ]
NOTIC: [2] Missing argument 1 for Think\Model::where(), called in /Applications/MAMP/htdocs/lafei/Application/Home/Controller/HomeController.class.php on line 118 and defined /Applications/MAMP/htdocs/lafei/ThinkPHP/Library/Think/Model.class.php 第 1501 行.
NOTIC: [8] Undefined variable: where /Applications/MAMP/htdocs/lafei/ThinkPHP/Library/Think/Model.class.php 第 1509 行.
NOTIC: [8] Undefined variable: where /Applications/MAMP/htdocs/lafei/ThinkPHP/Library/Think/Model.class.php 第 1512 行.
NOTIC: [8] Undefined variable: where /Applications/MAMP/htdocs/lafei/ThinkPHP/Library/Think/Model.class.php 第 1520 行.
SQL: SHOW COLUMNS FROM `gygy_members` [ RunTime:0.001740s ]
SQL: SELECT * FROM `gygy_members` WHERE ( `username` = 'root' ) AND ( `password` = 'e92a4f764dd80d202435e75d8ee441e1' ) LIMIT 1   [ RunTime:0.000368s ]

[ 2017-04-03T00:51:29+08:00 ] 127.0.0.1 /lafei/html/index.php?s=/home/user/logined.html
INFO: [ app_begin ] --START--
INFO: Run Think\Behavior\ReadHtmlCache [ RunTime:0.000034s ]
INFO: [ app_begin ] --END-- [ RunTime:0.000256s ]
INFO: [ action_begin ] --START--
INFO: [ action_begin ] --END-- [ RunTime:0.000020s ]
NOTIC: [8192] mysql_connect(): The mysql extension is deprecated and will be removed in the future: use mysqli or PDO instead /Applications/MAMP/htdocs/lafei/ThinkPHP/Library/Think/Db/Driver/Mysql.class.php 第 52 行.
SQL: SHOW COLUMNS FROM `gygy_params` [ RunTime:0.006884s ]
NOTIC: [2] Missing argument 1 for Think\Model::where(), called in /Applications/MAMP/htdocs/lafei/Application/Home/Controller/HomeController.class.php on line 118 and defined /Applications/MAMP/htdocs/lafei/ThinkPHP/Library/Think/Model.class.php 第 1501 行.
NOTIC: [8] Undefined variable: where /Applications/MAMP/htdocs/lafei/ThinkPHP/Library/Think/Model.class.php 第 1509 行.
NOTIC: [8] Undefined variable: where /Applications/MAMP/htdocs/lafei/ThinkPHP/Library/Think/Model.class.php 第 1512 行.
NOTIC: [8] Undefined variable: where /Applications/MAMP/htdocs/lafei/ThinkPHP/Library/Think/Model.class.php 第 1520 行.

[ 2017-04-03T00:51:50+08:00 ] 127.0.0.1 /lafei/html/index.php?s=/home/user/logined.html
INFO: [ app_begin ] --START--
INFO: Run Think\Behavior\ReadHtmlCache [ RunTime:0.000033s ]
INFO: [ app_begin ] --END-- [ RunTime:0.000253s ]
INFO: [ action_begin ] --START--
INFO: [ action_begin ] --END-- [ RunTime:0.000020s ]
NOTIC: [8192] mysql_connect(): The mysql extension is deprecated and will be removed in the future: use mysqli or PDO instead /Applications/MAMP/htdocs/lafei/ThinkPHP/Library/Think/Db/Driver/Mysql.class.php 第 52 行.
SQL: SHOW COLUMNS FROM `gygy_params` [ RunTime:0.005497s ]
NOTIC: [2] Missing argument 1 for Think\Model::where(), called in /Applications/MAMP/htdocs/lafei/Application/Home/Controller/HomeController.class.php on line 118 and defined /Applications/MAMP/htdocs/lafei/ThinkPHP/Library/Think/Model.class.php 第 1501 行.
NOTIC: [8] Undefined variable: where /Applications/MAMP/htdocs/lafei/ThinkPHP/Library/Think/Model.class.php 第 1509 行.
NOTIC: [8] Undefined variable: where /Applications/MAMP/htdocs/lafei/ThinkPHP/Library/Think/Model.class.php 第 1512 行.
NOTIC: [8] Undefined variable: where /Applications/MAMP/htdocs/lafei/ThinkPHP/Library/Think/Model.class.php 第 1520 行.
SQL: SHOW COLUMNS FROM `gygy_members` [ RunTime:0.000968s ]
SQL: SELECT * FROM `gygy_members` WHERE ( `username` = 'admin' ) AND ( `password` = '56f1681f1e8151862e76e7f4e98eeea2' ) LIMIT 1   [ RunTime:0.000387s ]
SQL: SHOW COLUMNS FROM `gygy_member_session` [ RunTime:0.000704s ]
SQL: INSERT INTO `gygy_member_session` (`uid`,`username`,`session_key`,`loginTime`,`accessTime`,`loginIP`) VALUES (1,'admin',0,1491151910,1491151910,2130706433) [ RunTime:0.000174s ]
SQL: UPDATE `gygy_member_session` SET `isOnLine`=0 WHERE ( uid=1 and id<2334 ) [ RunTime:0.001109s ]

[ 2017-04-03T01:28:49+08:00 ] 127.0.0.1 /lafei/html/index.php?s=/home/game/group/type/36/groupId/1.html
INFO: [ app_begin ] --START--
INFO: Run Think\Behavior\ReadHtmlCache [ RunTime:0.000039s ]
INFO: [ app_begin ] --END-- [ RunTime:0.000292s ]
INFO: [ action_begin ] --START--
INFO: [ action_begin ] --END-- [ RunTime:0.000023s ]
NOTIC: [8192] mysql_connect(): The mysql extension is deprecated and will be removed in the future: use mysqli or PDO instead /Applications/MAMP/htdocs/lafei/ThinkPHP/Library/Think/Db/Driver/Mysql.class.php 第 52 行.
SQL: SHOW COLUMNS FROM `gygy_member_session` [ RunTime:0.001267s ]
SQL: UPDATE `gygy_member_session` SET `accessTime`=1491154129 WHERE ( `id` = 2334 ) [ RunTime:0.000241s ]
SQL: SHOW COLUMNS FROM `gygy_params` [ RunTime:0.000769s ]
NOTIC: [2] Missing argument 1 for Think\Model::where(), called in /Applications/MAMP/htdocs/lafei/Application/Home/Controller/HomeController.class.php on line 118 and defined /Applications/MAMP/htdocs/lafei/ThinkPHP/Library/Think/Model.class.php 第 1501 行.
NOTIC: [8] Undefined variable: where /Applications/MAMP/htdocs/lafei/ThinkPHP/Library/Think/Model.class.php 第 1509 行.
NOTIC: [8] Undefined variable: where /Applications/MAMP/htdocs/lafei/ThinkPHP/Library/Think/Model.class.php 第 1512 行.
NOTIC: [8] Undefined variable: where /Applications/MAMP/htdocs/lafei/ThinkPHP/Library/Think/Model.class.php 第 1520 行.
SQL: SHOW COLUMNS FROM `gygy_played` [ RunTime:0.001036s ]
SQL: SELECT `bonusProp`,`bonusPropBase` FROM `gygy_played` WHERE ( `id` = 2 ) LIMIT 1   [ RunTime:0.000236s ]
INFO: [ view_begin ] --START--
INFO: [ view_begin ] --END-- [ RunTime:0.000015s ]
INFO: [ view_parse ] --START--
NOTIC: [8] Undefined index: @attributes /Applications/MAMP/htdocs/lafei/ThinkPHP/Library/Think/Template/TagLib.class.php 第 85 行.
NOTIC: [2] array_change_key_case() expects parameter 1 to be array, null given /Applications/MAMP/htdocs/lafei/ThinkPHP/Library/Think/Template/TagLib.class.php 第 85 行.
NOTIC: [8] Undefined index: @attributes /Applications/MAMP/htdocs/lafei/ThinkPHP/Library/Think/Template/TagLib.class.php 第 85 行.
NOTIC: [2] array_change_key_case() expects parameter 1 to be array, null given /Applications/MAMP/htdocs/lafei/ThinkPHP/Library/Think/Template/TagLib.class.php 第 85 行.
NOTIC: [8] Undefined index: @attributes /Applications/MAMP/htdocs/lafei/ThinkPHP/Library/Think/Template/TagLib.class.php 第 85 行.
NOTIC: [2] array_change_key_case() expects parameter 1 to be array, null given /Applications/MAMP/htdocs/lafei/ThinkPHP/Library/Think/Template/TagLib.class.php 第 85 行.
INFO: [ template_filter ] --START--
INFO: Run Think\Behavior\ContentReplace [ RunTime:0.000050s ]
INFO: [ template_filter ] --END-- [ RunTime:0.000086s ]
NOTIC: [8] Undefined variable: playedId /Applications/MAMP/htdocs/lafei/html/Runtime/Cache/Home/84734c65cc54e714d3743c368c8fdbb9.php 第 6 行.
INFO: Run Think\Behavior\ParseTemplate [ RunTime:0.012992s ]
INFO: [ view_parse ] --END-- [ RunTime:0.013034s ]
INFO: [ view_filter ] --START--
INFO: Run Think\Behavior\TokenBuild [ RunTime:0.000034s ]
INFO: Run Think\Behavior\WriteHtmlCache [ RunTime:0.000009s ]
INFO: [ view_filter ] --END-- [ RunTime:0.000084s ]
INFO: [ view_end ] --START--
INFO: [ view_end ] --END-- [ RunTime:0.000010s ]
INFO: [ app_end ] --START--
INFO: Run Think\Behavior\ShowPageTrace [ RunTime:0.000022s ]
INFO: [ app_end ] --END-- [ RunTime:0.000046s ]

[ 2017-04-03T01:28:50+08:00 ] 127.0.0.1 /lafei/html/index.php?s=/home/game/group/type/36/groupId/66.html
INFO: [ app_begin ] --START--
INFO: Run Think\Behavior\ReadHtmlCache [ RunTime:0.000038s ]
INFO: [ app_begin ] --END-- [ RunTime:0.000353s ]
INFO: [ action_begin ] --START--
INFO: [ action_begin ] --END-- [ RunTime:0.000021s ]
NOTIC: [8192] mysql_connect(): The mysql extension is deprecated and will be removed in the future: use mysqli or PDO instead /Applications/MAMP/htdocs/lafei/ThinkPHP/Library/Think/Db/Driver/Mysql.class.php 第 52 行.
SQL: SHOW COLUMNS FROM `gygy_member_session` [ RunTime:0.005359s ]
SQL: UPDATE `gygy_member_session` SET `accessTime`=1491154130 WHERE ( `id` = 2334 ) [ RunTime:0.000212s ]
SQL: SHOW COLUMNS FROM `gygy_params` [ RunTime:0.000634s ]
NOTIC: [2] Missing argument 1 for Think\Model::where(), called in /Applications/MAMP/htdocs/lafei/Application/Home/Controller/HomeController.class.php on line 118 and defined /Applications/MAMP/htdocs/lafei/ThinkPHP/Library/Think/Model.class.php 第 1501 行.
NOTIC: [8] Undefined variable: where /Applications/MAMP/htdocs/lafei/ThinkPHP/Library/Think/Model.class.php 第 1509 行.
NOTIC: [8] Undefined variable: where /Applications/MAMP/htdocs/lafei/ThinkPHP/Library/Think/Model.class.php 第 1512 行.
NOTIC: [8] Undefined variable: where /Applications/MAMP/htdocs/lafei/ThinkPHP/Library/Think/Model.class.php 第 1520 行.
SQL: SHOW COLUMNS FROM `gygy_played` [ RunTime:0.000788s ]
SQL: SELECT `bonusProp`,`bonusPropBase` FROM `gygy_played` WHERE ( `id` = 4 ) LIMIT 1   [ RunTime:0.000221s ]
INFO: [ view_begin ] --START--
INFO: [ view_begin ] --END-- [ RunTime:0.000015s ]
INFO: [ view_parse ] --START--
NOTIC: [8] Undefined index: @attributes /Applications/MAMP/htdocs/lafei/ThinkPHP/Library/Think/Template/TagLib.class.php 第 85 行.
NOTIC: [2] array_change_key_case() expects parameter 1 to be array, null given /Applications/MAMP/htdocs/lafei/ThinkPHP/Library/Think/Template/TagLib.class.php 第 85 行.
NOTIC: [8] Undefined index: @attributes /Applications/MAMP/htdocs/lafei/ThinkPHP/Library/Think/Template/TagLib.class.php 第 85 行.
NOTIC: [2] array_change_key_case() expects parameter 1 to be array, null given /Applications/MAMP/htdocs/lafei/ThinkPHP/Library/Think/Template/TagLib.class.php 第 85 行.
NOTIC: [8] Undefined index: @attributes /Applications/MAMP/htdocs/lafei/ThinkPHP/Library/Think/Template/TagLib.class.php 第 85 行.
NOTIC: [2] array_change_key_case() expects parameter 1 to be array, null given /Applications/MAMP/htdocs/lafei/ThinkPHP/Library/Think/Template/TagLib.class.php 第 85 行.
INFO: [ template_filter ] --START--
INFO: Run Think\Behavior\ContentReplace [ RunTime:0.000049s ]
INFO: [ template_filter ] --END-- [ RunTime:0.000085s ]
NOTIC: [8] Undefined variable: playedId /Applications/MAMP/htdocs/lafei/html/Runtime/Cache/Home/84734c65cc54e714d3743c368c8fdbb9.php 第 6 行.
INFO: Run Think\Behavior\ParseTemplate [ RunTime:0.013078s ]
INFO: [ view_parse ] --END-- [ RunTime:0.013122s ]
INFO: [ view_filter ] --START--
INFO: Run Think\Behavior\TokenBuild [ RunTime:0.000040s ]
INFO: Run Think\Behavior\WriteHtmlCache [ RunTime:0.000011s ]
INFO: [ view_filter ] --END-- [ RunTime:0.000094s ]
INFO: [ view_end ] --START--
INFO: [ view_end ] --END-- [ RunTime:0.000012s ]
INFO: [ app_end ] --START--
INFO: Run Think\Behavior\ShowPageTrace [ RunTime:0.000026s ]
INFO: [ app_end ] --END-- [ RunTime:0.000054s ]

[ 2017-04-03T01:28:51+08:00 ] 127.0.0.1 /lafei/html/index.php?s=/home/game/group/type/36/groupId/2.html
INFO: [ app_begin ] --START--
INFO: Run Think\Behavior\ReadHtmlCache [ RunTime:0.000030s ]
INFO: [ app_begin ] --END-- [ RunTime:0.000279s ]
INFO: [ action_begin ] --START--
INFO: [ action_begin ] --END-- [ RunTime:0.000025s ]
NOTIC: [8192] mysql_connect(): The mysql extension is deprecated and will be removed in the future: use mysqli or PDO instead /Applications/MAMP/htdocs/lafei/ThinkPHP/Library/Think/Db/Driver/Mysql.class.php 第 52 行.
SQL: SHOW COLUMNS FROM `gygy_member_session` [ RunTime:0.006182s ]
SQL: UPDATE `gygy_member_session` SET `accessTime`=1491154131 WHERE ( `id` = 2334 ) [ RunTime:0.000271s ]
SQL: SHOW COLUMNS FROM `gygy_params` [ RunTime:0.000841s ]
NOTIC: [2] Missing argument 1 for Think\Model::where(), called in /Applications/MAMP/htdocs/lafei/Application/Home/Controller/HomeController.class.php on line 118 and defined /Applications/MAMP/htdocs/lafei/ThinkPHP/Library/Think/Model.class.php 第 1501 行.
NOTIC: [8] Undefined variable: where /Applications/MAMP/htdocs/lafei/ThinkPHP/Library/Think/Model.class.php 第 1509 行.
NOTIC: [8] Undefined variable: where /Applications/MAMP/htdocs/lafei/ThinkPHP/Library/Think/Model.class.php 第 1512 行.
NOTIC: [8] Undefined variable: where /Applications/MAMP/htdocs/lafei/ThinkPHP/Library/Think/Model.class.php 第 1520 行.
SQL: SHOW COLUMNS FROM `gygy_played` [ RunTime:0.000910s ]
SQL: SELECT `bonusProp`,`bonusPropBase` FROM `gygy_played` WHERE ( `id` = 10 ) LIMIT 1   [ RunTime:0.000220s ]
INFO: [ view_begin ] --START--
INFO: [ view_begin ] --END-- [ RunTime:0.000015s ]
INFO: [ view_parse ] --START--
NOTIC: [8] Undefined index: @attributes /Applications/MAMP/htdocs/lafei/ThinkPHP/Library/Think/Template/TagLib.class.php 第 85 行.
NOTIC: [2] array_change_key_case() expects parameter 1 to be array, null given /Applications/MAMP/htdocs/lafei/ThinkPHP/Library/Think/Template/TagLib.class.php 第 85 行.
NOTIC: [8] Undefined index: @attributes /Applications/MAMP/htdocs/lafei/ThinkPHP/Library/Think/Template/TagLib.class.php 第 85 行.
NOTIC: [2] array_change_key_case() expects parameter 1 to be array, null given /Applications/MAMP/htdocs/lafei/ThinkPHP/Library/Think/Template/TagLib.class.php 第 85 行.
NOTIC: [8] Undefined index: @attributes /Applications/MAMP/htdocs/lafei/ThinkPHP/Library/Think/Template/TagLib.class.php 第 85 行.
NOTIC: [2] array_change_key_case() expects parameter 1 to be array, null given /Applications/MAMP/htdocs/lafei/ThinkPHP/Library/Think/Template/TagLib.class.php 第 85 行.
INFO: [ template_filter ] --START--
INFO: Run Think\Behavior\ContentReplace [ RunTime:0.000061s ]
INFO: [ template_filter ] --END-- [ RunTime:0.000114s ]
NOTIC: [8] Undefined variable: playedId /Applications/MAMP/htdocs/lafei/html/Runtime/Cache/Home/84734c65cc54e714d3743c368c8fdbb9.php 第 6 行.
INFO: Run Think\Behavior\ParseTemplate [ RunTime:0.013840s ]
INFO: [ view_parse ] --END-- [ RunTime:0.013882s ]
INFO: [ view_filter ] --START--
INFO: Run Think\Behavior\TokenBuild [ RunTime:0.000037s ]
INFO: Run Think\Behavior\WriteHtmlCache [ RunTime:0.000008s ]
INFO: [ view_filter ] --END-- [ RunTime:0.000088s ]
INFO: [ view_end ] --START--
INFO: [ view_end ] --END-- [ RunTime:0.000010s ]
INFO: [ app_end ] --START--
INFO: Run Think\Behavior\ShowPageTrace [ RunTime:0.000023s ]
INFO: [ app_end ] --END-- [ RunTime:0.000048s ]

[ 2017-04-03T01:28:53+08:00 ] 127.0.0.1 /lafei/html/index.php?s=/home/game/group/type/36/groupId/66.html
INFO: [ app_begin ] --START--
INFO: Run Think\Behavior\ReadHtmlCache [ RunTime:0.000036s ]
INFO: [ app_begin ] --END-- [ RunTime:0.000277s ]
INFO: [ action_begin ] --START--
INFO: [ action_begin ] --END-- [ RunTime:0.000019s ]
NOTIC: [8192] mysql_connect(): The mysql extension is deprecated and will be removed in the future: use mysqli or PDO instead /Applications/MAMP/htdocs/lafei/ThinkPHP/Library/Think/Db/Driver/Mysql.class.php 第 52 行.
SQL: SHOW COLUMNS FROM `gygy_member_session` [ RunTime:0.005735s ]
SQL: UPDATE `gygy_member_session` SET `accessTime`=1491154133 WHERE ( `id` = 2334 ) [ RunTime:0.000257s ]
SQL: SHOW COLUMNS FROM `gygy_params` [ RunTime:0.000775s ]
NOTIC: [2] Missing argument 1 for Think\Model::where(), called in /Applications/MAMP/htdocs/lafei/Application/Home/Controller/HomeController.class.php on line 118 and defined /Applications/MAMP/htdocs/lafei/ThinkPHP/Library/Think/Model.class.php 第 1501 行.
NOTIC: [8] Undefined variable: where /Applications/MAMP/htdocs/lafei/ThinkPHP/Library/Think/Model.class.php 第 1509 行.
NOTIC: [8] Undefined variable: where /Applications/MAMP/htdocs/lafei/ThinkPHP/Library/Think/Model.class.php 第 1512 行.
NOTIC: [8] Undefined variable: where /Applications/MAMP/htdocs/lafei/ThinkPHP/Library/Think/Model.class.php 第 1520 行.
SQL: SHOW COLUMNS FROM `gygy_played` [ RunTime:0.001018s ]
SQL: SELECT `bonusProp`,`bonusPropBase` FROM `gygy_played` WHERE ( `id` = 4 ) LIMIT 1   [ RunTime:0.000220s ]
INFO: [ view_begin ] --START--
INFO: [ view_begin ] --END-- [ RunTime:0.000016s ]
INFO: [ view_parse ] --START--
NOTIC: [8] Undefined index: @attributes /Applications/MAMP/htdocs/lafei/ThinkPHP/Library/Think/Template/TagLib.class.php 第 85 行.
NOTIC: [2] array_change_key_case() expects parameter 1 to be array, null given /Applications/MAMP/htdocs/lafei/ThinkPHP/Library/Think/Template/TagLib.class.php 第 85 行.
NOTIC: [8] Undefined index: @attributes /Applications/MAMP/htdocs/lafei/ThinkPHP/Library/Think/Template/TagLib.class.php 第 85 行.
NOTIC: [2] array_change_key_case() expects parameter 1 to be array, null given /Applications/MAMP/htdocs/lafei/ThinkPHP/Library/Think/Template/TagLib.class.php 第 85 行.
NOTIC: [8] Undefined index: @attributes /Applications/MAMP/htdocs/lafei/ThinkPHP/Library/Think/Template/TagLib.class.php 第 85 行.
NOTIC: [2] array_change_key_case() expects parameter 1 to be array, null given /Applications/MAMP/htdocs/lafei/ThinkPHP/Library/Think/Template/TagLib.class.php 第 85 行.
INFO: [ template_filter ] --START--
INFO: Run Think\Behavior\ContentReplace [ RunTime:0.000046s ]
INFO: [ template_filter ] --END-- [ RunTime:0.000081s ]
NOTIC: [8] Undefined variable: playedId /Applications/MAMP/htdocs/lafei/html/Runtime/Cache/Home/84734c65cc54e714d3743c368c8fdbb9.php 第 6 行.
INFO: Run Think\Behavior\ParseTemplate [ RunTime:0.012921s ]
INFO: [ view_parse ] --END-- [ RunTime:0.012971s ]
INFO: [ view_filter ] --START--
INFO: Run Think\Behavior\TokenBuild [ RunTime:0.000040s ]
INFO: Run Think\Behavior\WriteHtmlCache [ RunTime:0.000010s ]
INFO: [ view_filter ] --END-- [ RunTime:0.000095s ]
INFO: [ view_end ] --START--
INFO: [ view_end ] --END-- [ RunTime:0.000012s ]
INFO: [ app_end ] --START--
INFO: Run Think\Behavior\ShowPageTrace [ RunTime:0.000026s ]
INFO: [ app_end ] --END-- [ RunTime:0.000054s ]

[ 2017-04-03T01:28:54+08:00 ] 127.0.0.1 /lafei/html/index.php?s=/home/game/group/type/36/groupId/1.html
INFO: [ app_begin ] --START--
INFO: Run Think\Behavior\ReadHtmlCache [ RunTime:0.000031s ]
INFO: [ app_begin ] --END-- [ RunTime:0.000237s ]
INFO: [ action_begin ] --START--
INFO: [ action_begin ] --END-- [ RunTime:0.000024s ]
NOTIC: [8192] mysql_connect(): The mysql extension is deprecated and will be removed in the future: use mysqli or PDO instead /Applications/MAMP/htdocs/lafei/ThinkPHP/Library/Think/Db/Driver/Mysql.class.php 第 52 行.
SQL: SHOW COLUMNS FROM `gygy_member_session` [ RunTime:0.005963s ]
SQL: UPDATE `gygy_member_session` SET `accessTime`=1491154134 WHERE ( `id` = 2334 ) [ RunTime:0.000221s ]
SQL: SHOW COLUMNS FROM `gygy_params` [ RunTime:0.000647s ]
NOTIC: [2] Missing argument 1 for Think\Model::where(), called in /Applications/MAMP/htdocs/lafei/Application/Home/Controller/HomeController.class.php on line 118 and defined /Applications/MAMP/htdocs/lafei/ThinkPHP/Library/Think/Model.class.php 第 1501 行.
NOTIC: [8] Undefined variable: where /Applications/MAMP/htdocs/lafei/ThinkPHP/Library/Think/Model.class.php 第 1509 行.
NOTIC: [8] Undefined variable: where /Applications/MAMP/htdocs/lafei/ThinkPHP/Library/Think/Model.class.php 第 1512 行.
NOTIC: [8] Undefined variable: where /Applications/MAMP/htdocs/lafei/ThinkPHP/Library/Think/Model.class.php 第 1520 行.
SQL: SHOW COLUMNS FROM `gygy_played` [ RunTime:0.000783s ]
SQL: SELECT `bonusProp`,`bonusPropBase` FROM `gygy_played` WHERE ( `id` = 2 ) LIMIT 1   [ RunTime:0.000239s ]
INFO: [ view_begin ] --START--
INFO: [ view_begin ] --END-- [ RunTime:0.000015s ]
INFO: [ view_parse ] --START--
NOTIC: [8] Undefined index: @attributes /Applications/MAMP/htdocs/lafei/ThinkPHP/Library/Think/Template/TagLib.class.php 第 85 行.
NOTIC: [2] array_change_key_case() expects parameter 1 to be array, null given /Applications/MAMP/htdocs/lafei/ThinkPHP/Library/Think/Template/TagLib.class.php 第 85 行.
NOTIC: [8] Undefined index: @attributes /Applications/MAMP/htdocs/lafei/ThinkPHP/Library/Think/Template/TagLib.class.php 第 85 行.
NOTIC: [2] array_change_key_case() expects parameter 1 to be array, null given /Applications/MAMP/htdocs/lafei/ThinkPHP/Library/Think/Template/TagLib.class.php 第 85 行.
NOTIC: [8] Undefined index: @attributes /Applications/MAMP/htdocs/lafei/ThinkPHP/Library/Think/Template/TagLib.class.php 第 85 行.
NOTIC: [2] array_change_key_case() expects parameter 1 to be array, null given /Applications/MAMP/htdocs/lafei/ThinkPHP/Library/Think/Template/TagLib.class.php 第 85 行.
INFO: [ template_filter ] --START--
INFO: Run Think\Behavior\ContentReplace [ RunTime:0.000052s ]
INFO: [ template_filter ] --END-- [ RunTime:0.000089s ]
NOTIC: [8] Undefined variable: playedId /Applications/MAMP/htdocs/lafei/html/Runtime/Cache/Home/84734c65cc54e714d3743c368c8fdbb9.php 第 6 行.
INFO: Run Think\Behavior\ParseTemplate [ RunTime:0.012558s ]
INFO: [ view_parse ] --END-- [ RunTime:0.012601s ]
INFO: [ view_filter ] --START--
INFO: Run Think\Behavior\TokenBuild [ RunTime:0.000035s ]
INFO: Run Think\Behavior\WriteHtmlCache [ RunTime:0.000011s ]
INFO: [ view_filter ] --END-- [ RunTime:0.000091s ]
INFO: [ view_end ] --START--
INFO: [ view_end ] --END-- [ RunTime:0.000012s ]
INFO: [ app_end ] --START--
INFO: Run Think\Behavior\ShowPageTrace [ RunTime:0.000026s ]
INFO: [ app_end ] --END-- [ RunTime:0.000051s ]

[ 2017-04-03T10:04:55+08:00 ] 127.0.0.1 /lafei/html/index.php?s=/home/index/userinfo.html
INFO: [ app_begin ] --START--
INFO: Run Think\Behavior\ReadHtmlCache [ RunTime:0.000029s ]
INFO: [ app_begin ] --END-- [ RunTime:0.000247s ]
INFO: [ action_begin ] --START--
INFO: [ action_begin ] --END-- [ RunTime:0.000020s ]
NOTIC: [8192] mysql_connect(): The mysql extension is deprecated and will be removed in the future: use mysqli or PDO instead /Applications/MAMP/htdocs/lafei/ThinkPHP/Library/Think/Db/Driver/Mysql.class.php 第 52 行.
SQL: SHOW COLUMNS FROM `gygy_member_session` [ RunTime:0.006253s ]
SQL: UPDATE `gygy_member_session` SET `accessTime`=1491185095 WHERE ( `id` = 2334 ) [ RunTime:0.000199s ]
SQL: SHOW COLUMNS FROM `gygy_params` [ RunTime:0.000673s ]
NOTIC: [2] Missing argument 1 for Think\Model::where(), called in /Applications/MAMP/htdocs/lafei/Application/Home/Controller/HomeController.class.php on line 118 and defined /Applications/MAMP/htdocs/lafei/ThinkPHP/Library/Think/Model.class.php 第 1501 行.
NOTIC: [8] Undefined variable: where /Applications/MAMP/htdocs/lafei/ThinkPHP/Library/Think/Model.class.php 第 1509 行.
NOTIC: [8] Undefined variable: where /Applications/MAMP/htdocs/lafei/ThinkPHP/Library/Think/Model.class.php 第 1512 行.
NOTIC: [8] Undefined variable: where /Applications/MAMP/htdocs/lafei/ThinkPHP/Library/Think/Model.class.php 第 1520 行.
SQL: SHOW COLUMNS FROM `gygy_members` [ RunTime:0.002834s ]
SQL: SELECT `username`,`nickname`,`enable`,`coin` FROM `gygy_members` WHERE ( `uid` = 1 ) LIMIT 1   [ RunTime:0.000514s ]

[ 2017-04-03T10:04:56+08:00 ] 127.0.0.1 /lafei/html/index.php?s=/home/index/userinfo.html
INFO: [ app_begin ] --START--
INFO: Run Think\Behavior\ReadHtmlCache [ RunTime:0.000030s ]
INFO: [ app_begin ] --END-- [ RunTime:0.000248s ]
INFO: [ action_begin ] --START--
INFO: [ action_begin ] --END-- [ RunTime:0.000017s ]
NOTIC: [8192] mysql_connect(): The mysql extension is deprecated and will be removed in the future: use mysqli or PDO instead /Applications/MAMP/htdocs/lafei/ThinkPHP/Library/Think/Db/Driver/Mysql.class.php 第 52 行.
SQL: SHOW COLUMNS FROM `gygy_member_session` [ RunTime:0.006213s ]
SQL: UPDATE `gygy_member_session` SET `accessTime`=1491185096 WHERE ( `id` = 2334 ) [ RunTime:0.000226s ]
SQL: SHOW COLUMNS FROM `gygy_params` [ RunTime:0.000737s ]
NOTIC: [2] Missing argument 1 for Think\Model::where(), called in /Applications/MAMP/htdocs/lafei/Application/Home/Controller/HomeController.class.php on line 118 and defined /Applications/MAMP/htdocs/lafei/ThinkPHP/Library/Think/Model.class.php 第 1501 行.
NOTIC: [8] Undefined variable: where /Applications/MAMP/htdocs/lafei/ThinkPHP/Library/Think/Model.class.php 第 1509 行.
NOTIC: [8] Undefined variable: where /Applications/MAMP/htdocs/lafei/ThinkPHP/Library/Think/Model.class.php 第 1512 行.
NOTIC: [8] Undefined variable: where /Applications/MAMP/htdocs/lafei/ThinkPHP/Library/Think/Model.class.php 第 1520 行.
SQL: SHOW COLUMNS FROM `gygy_members` [ RunTime:0.000984s ]
SQL: SELECT `username`,`nickname`,`enable`,`coin` FROM `gygy_members` WHERE ( `uid` = 1 ) LIMIT 1   [ RunTime:0.000206s ]

[ 2017-04-03T10:04:56+08:00 ] 127.0.0.1 /lafei/html/index.php?s=/home/index/userinfo.html
INFO: [ app_begin ] --START--
INFO: Run Think\Behavior\ReadHtmlCache [ RunTime:0.000032s ]
INFO: [ app_begin ] --END-- [ RunTime:0.000250s ]
INFO: [ action_begin ] --START--
INFO: [ action_begin ] --END-- [ RunTime:0.000017s ]
NOTIC: [8192] mysql_connect(): The mysql extension is deprecated and will be removed in the future: use mysqli or PDO instead /Applications/MAMP/htdocs/lafei/ThinkPHP/Library/Think/Db/Driver/Mysql.class.php 第 52 行.
SQL: SHOW COLUMNS FROM `gygy_member_session` [ RunTime:0.002413s ]
SQL: UPDATE `gygy_member_session` SET `accessTime`=1491185096 WHERE ( `id` = 2334 ) [ RunTime:0.000191s ]
SQL: SHOW COLUMNS FROM `gygy_params` [ RunTime:0.000667s ]
NOTIC: [2] Missing argument 1 for Think\Model::where(), called in /Applications/MAMP/htdocs/lafei/Application/Home/Controller/HomeController.class.php on line 118 and defined /Applications/MAMP/htdocs/lafei/ThinkPHP/Library/Think/Model.class.php 第 1501 行.
NOTIC: [8] Undefined variable: where /Applications/MAMP/htdocs/lafei/ThinkPHP/Library/Think/Model.class.php 第 1509 行.
NOTIC: [8] Undefined variable: where /Applications/MAMP/htdocs/lafei/ThinkPHP/Library/Think/Model.class.php 第 1512 行.
NOTIC: [8] Undefined variable: where /Applications/MAMP/htdocs/lafei/ThinkPHP/Library/Think/Model.class.php 第 1520 行.
SQL: SHOW COLUMNS FROM `gygy_members` [ RunTime:0.001016s ]
SQL: SELECT `username`,`nickname`,`enable`,`coin` FROM `gygy_members` WHERE ( `uid` = 1 ) LIMIT 1   [ RunTime:0.000225s ]

[ 2017-04-03T10:26:49+08:00 ] 127.0.0.1 /lafei/html/admin.php?s=/admin/public/login.html
INFO: [ app_begin ] --START--
INFO: Run Think\Behavior\ReadHtmlCache [ RunTime:0.000034s ]
INFO: [ app_begin ] --END-- [ RunTime:0.000264s ]
INFO: [ action_begin ] --START--
INFO: [ action_begin ] --END-- [ RunTime:0.000020s ]
NOTIC: [8192] mysql_connect(): The mysql extension is deprecated and will be removed in the future: use mysqli or PDO instead /Applications/MAMP/htdocs/lafei/ThinkPHP/Library/Think/Db/Driver/Mysql.class.php 第 52 行.
SQL: SHOW COLUMNS FROM `gygy_members` [ RunTime:0.001171s ]
SQL: SELECT * FROM `gygy_members` WHERE ( `username` = 'admin' ) AND ( `password` = '56f1681f1e8151862e76e7f4e98eeea2' ) AND ( `isDelete` = 0 ) LIMIT 1   [ RunTime:0.000413s ]
SQL: SHOW COLUMNS FROM `gygy_member_session` [ RunTime:0.000765s ]
SQL: INSERT INTO `gygy_member_session` (`uid`,`username`,`session_key`,`loginTime`,`accessTime`,`loginIP`) VALUES (1,'admin','8a0512cb9b121420c5ff4e99879b1bdd',1491186409,1491186409,127) [ RunTime:0.000457s ]
SQL: UPDATE `gygy_member_session` SET `isOnLine`=0 WHERE ( uid=1 and id<2335 ) [ RunTime:0.000296s ]
NOTIC: [8] Undefined index: onethink_admin /Applications/MAMP/htdocs/lafei/ThinkPHP/Common/functions.php 第 1095 行.

[ 2017-04-03T10:27:56+08:00 ] 127.0.0.1 /lafei/html/admin.php?s=/admin/time/update.html
INFO: [ app_begin ] --START--
INFO: Run Think\Behavior\ReadHtmlCache [ RunTime:0.000046s ]
INFO: [ app_begin ] --END-- [ RunTime:0.000315s ]
INFO: [ action_begin ] --START--
INFO: [ action_begin ] --END-- [ RunTime:0.000057s ]
NOTIC: D方法实例化没找到模型类Admin\Model\DataTimeModel
NOTIC: [8192] mysql_connect(): The mysql extension is deprecated and will be removed in the future: use mysqli or PDO instead /Applications/MAMP/htdocs/lafei/ThinkPHP/Library/Think/Db/Driver/Mysql.class.php 第 52 行.
SQL: SHOW COLUMNS FROM `gygy_data_time` [ RunTime:0.000896s ]
SQL: UPDATE `gygy_data_time` SET `actionTime`='00:00:00' WHERE ( `id` = 5500 ) [ RunTime:0.000210s ]

[ 2017-04-03T10:28:00+08:00 ] 127.0.0.1 /lafei/html/admin.php?s=/admin/time/update.html
INFO: [ app_begin ] --START--
INFO: Run Think\Behavior\ReadHtmlCache [ RunTime:0.000043s ]
INFO: [ app_begin ] --END-- [ RunTime:0.000338s ]
INFO: [ action_begin ] --START--
INFO: [ action_begin ] --END-- [ RunTime:0.000018s ]
NOTIC: D方法实例化没找到模型类Admin\Model\DataTimeModel
NOTIC: [8192] mysql_connect(): The mysql extension is deprecated and will be removed in the future: use mysqli or PDO instead /Applications/MAMP/htdocs/lafei/ThinkPHP/Library/Think/Db/Driver/Mysql.class.php 第 52 行.
SQL: SHOW COLUMNS FROM `gygy_data_time` [ RunTime:0.006214s ]
SQL: UPDATE `gygy_data_time` SET `actionTime`='00:00:00' WHERE ( `id` = 5500 ) [ RunTime:0.000215s ]

[ 2017-04-03T10:30:33+08:00 ] 127.0.0.1 /lafei/html/admin.php?s=/admin/config/lotterylist.html
INFO: [ app_begin ] --START--
INFO: Run Think\Behavior\ReadHtmlCache [ RunTime:0.000029s ]
INFO: [ app_begin ] --END-- [ RunTime:0.000242s ]
INFO: [ action_begin ] --START--
INFO: [ action_begin ] --END-- [ RunTime:0.000019s ]
NOTIC: D方法实例化没找到模型类Admin\Model\TypeModel
NOTIC: [8192] mysql_connect(): The mysql extension is deprecated and will be removed in the future: use mysqli or PDO instead /Applications/MAMP/htdocs/lafei/ThinkPHP/Library/Think/Db/Driver/Mysql.class.php 第 52 行.
SQL: SHOW COLUMNS FROM `gygy_type` [ RunTime:0.005694s ]
SQL: UPDATE `gygy_type` SET `data_ftime`=10,`enable`=1,`sort`=0 WHERE ( `id` = 36 ) [ RunTime:0.000203s ]

[ 2017-04-03T10:30:54+08:00 ] 127.0.0.1 /lafei/html/admin.php?s=/admin/database/index/type/import.html
ERR: Directory name must not be empty.

[ 2017-04-03T10:49:19+08:00 ] 127.0.0.1 /lafei/html/admin.php?s=/admin/time/update.html
ERR: 模板不存在:../admin/Admin/View/Time/update.html

[ 2017-04-03T10:53:38+08:00 ] 127.0.0.1 /lafei/html/admin.php?s=/admin/time/update.html
ERR: 模板不存在:../admin/Admin/View/Time/update.html

[ 2017-04-03T10:54:48+08:00 ] 127.0.0.1 /lafei/html/admin.php?s=/admin/time/edit.html
INFO: [ app_begin ] --START--
INFO: Run Think\Behavior\ReadHtmlCache [ RunTime:0.000030s ]
INFO: [ app_begin ] --END-- [ RunTime:0.000240s ]
INFO: [ action_begin ] --START--
INFO: [ action_begin ] --END-- [ RunTime:0.000024s ]
INFO: [ view_begin ] --START--
INFO: [ view_begin ] --END-- [ RunTime:0.000025s ]
INFO: [ view_parse ] --START--
NOTIC: [8] Undefined index: @attributes /Applications/MAMP/htdocs/lafei/ThinkPHP/Library/Think/Template/TagLib.class.php 第 85 行.
NOTIC: [2] array_change_key_case() expects parameter 1 to be array, null given /Applications/MAMP/htdocs/lafei/ThinkPHP/Library/Think/Template/TagLib.class.php 第 85 行.
NOTIC: [8] Undefined index: @attributes /Applications/MAMP/htdocs/lafei/ThinkPHP/Library/Think/Template/TagLib.class.php 第 85 行.
NOTIC: [2] array_change_key_case() expects parameter 1 to be array, null given /Applications/MAMP/htdocs/lafei/ThinkPHP/Library/Think/Template/TagLib.class.php 第 85 行.
INFO: [ template_filter ] --START--
INFO: Run Think\Behavior\ContentReplace [ RunTime:0.000087s ]
INFO: [ template_filter ] --END-- [ RunTime:0.000122s ]
NOTIC: [8] Undefined variable: meta_title /Applications/MAMP/htdocs/lafei/html/Runtime/Cache/Admin/ba683d719ea8b72da58ed3b56ed44186.php 第 5 行.
NOTIC: [8192] mysql_connect(): The mysql extension is deprecated and will be removed in the future: use mysqli or PDO instead /Applications/MAMP/htdocs/lafei/ThinkPHP/Library/Think/Db/Driver/Mysql.class.php 第 52 行.
SQL: SHOW COLUMNS FROM `gygy_menu` [ RunTime:0.000910s ]
SQL: SELECT * FROM `gygy_menu` WHERE ( `pid` = 0 ) AND ( `hide` = 0 ) AND ( `is_dev` = 0 ) ORDER BY sort asc  [ RunTime:0.000383s ]
SQL: SELECT `id` FROM `gygy_menu` WHERE ( url like '%Time/edit%' ) ORDER BY id desc LIMIT 1   [ RunTime:0.000286s ]
SQL: SHOW COLUMNS FROM `gygy_menu` [ RunTime:0.000764s ]
SQL: SELECT `id`,`pid`,`title` FROM `gygy_menu` WHERE ( id=120 ) LIMIT 1   [ RunTime:0.000194s ]
SQL: SELECT `id`,`pid`,`title` FROM `gygy_menu` WHERE ( id=119 ) LIMIT 1   [ RunTime:0.000180s ]
SQL: SELECT `id`,`pid`,`title` FROM `gygy_menu` WHERE ( id=118 ) LIMIT 1   [ RunTime:0.000177s ]
NOTIC: [8] Use of undefined constant IS_ROOT - assumed 'IS_ROOT' /Applications/MAMP/htdocs/lafei/admin/Admin/Controller/AdminController.class.php 第 346 行.
NOTIC: [8] Use of undefined constant IS_ROOT - assumed 'IS_ROOT' /Applications/MAMP/htdocs/lafei/admin/Admin/Controller/AdminController.class.php 第 346 行.
NOTIC: [8] Use of undefined constant IS_ROOT - assumed 'IS_ROOT' /Applications/MAMP/htdocs/lafei/admin/Admin/Controller/AdminController.class.php 第 346 行.
NOTIC: [8] Use of undefined constant IS_ROOT - assumed 'IS_ROOT' /Applications/MAMP/htdocs/lafei/admin/Admin/Controller/AdminController.class.php 第 346 行.
SQL: SELECT DISTINCT  `group` FROM `gygy_menu` WHERE ( pid = 118 )  [ RunTime:0.000272s ]
SQL: SELECT `id`,`url` FROM `gygy_menu` WHERE ( `pid` = 118 ) AND ( `hide` = 0 ) AND ( `is_dev` = 0 )  [ RunTime:0.000298s ]
NOTIC: [8] Use of undefined constant IS_ROOT - assumed 'IS_ROOT' /Applications/MAMP/htdocs/lafei/admin/Admin/Controller/AdminController.class.php 第 372 行.
SQL: SELECT `id`,`pid`,`title`,`url`,`tip` FROM `gygy_menu` WHERE ( `group` = '时间管理' ) AND ( `pid` = 118 ) AND ( `hide` = 0 ) AND ( `is_dev` = 0 ) ORDER BY sort asc  [ RunTime:0.000302s ]
NOTIC: [8] Use of undefined constant IS_ROOT - assumed 'IS_ROOT' /Applications/MAMP/htdocs/lafei/admin/Admin/Controller/AdminController.class.php 第 346 行.
NOTIC: [8] Use of undefined constant IS_ROOT - assumed 'IS_ROOT' /Applications/MAMP/htdocs/lafei/admin/Admin/Controller/AdminController.class.php 第 346 行.
NOTIC: [8] Use of undefined constant IS_ROOT - assumed 'IS_ROOT' /Applications/MAMP/htdocs/lafei/admin/Admin/Controller/AdminController.class.php 第 346 行.
NOTIC: [8] Use of undefined constant IS_ROOT - assumed 'IS_ROOT' /Applications/MAMP/htdocs/lafei/admin/Admin/Controller/AdminController.class.php 第 346 行.
NOTIC: [8] Undefined variable: info /Applications/MAMP/htdocs/lafei/html/Runtime/Cache/Admin/ba683d719ea8b72da58ed3b56ed44186.php 第 110 行.
INFO: Run Think\Behavior\ParseTemplate [ RunTime:0.024764s ]
INFO: [ view_parse ] --END-- [ RunTime:0.024799s ]
INFO: [ view_filter ] --START--
INFO: Run Think\Behavior\TokenBuild [ RunTime:0.000036s ]
INFO: Run Think\Behavior\WriteHtmlCache [ RunTime:0.000009s ]
INFO: [ view_filter ] --END-- [ RunTime:0.000090s ]
INFO: [ view_end ] --START--
INFO: [ view_end ] --END-- [ RunTime:0.000015s ]
INFO: [ app_end ] --START--
INFO: Run Think\Behavior\ShowPageTrace [ RunTime:0.000028s ]
INFO: [ app_end ] --END-- [ RunTime:0.000055s ]

[ 2017-04-03T10:54:50+08:00 ] 127.0.0.1 /lafei/html/admin.php?s=/admin/time/edit.html
INFO: [ app_begin ] --START--
INFO: Run Think\Behavior\ReadHtmlCache [ RunTime:0.000038s ]
INFO: [ app_begin ] --END-- [ RunTime:0.000301s ]
INFO: [ action_begin ] --START--
INFO: [ action_begin ] --END-- [ RunTime:0.000018s ]
INFO: [ view_begin ] --START--
INFO: [ view_begin ] --END-- [ RunTime:0.000013s ]
INFO: [ view_parse ] --START--
NOTIC: [8] Undefined index: @attributes /Applications/MAMP/htdocs/lafei/ThinkPHP/Library/Think/Template/TagLib.class.php 第 85 行.
NOTIC: [2] array_change_key_case() expects parameter 1 to be array, null given /Applications/MAMP/htdocs/lafei/ThinkPHP/Library/Think/Template/TagLib.class.php 第 85 行.
NOTIC: [8] Undefined index: @attributes /Applications/MAMP/htdocs/lafei/ThinkPHP/Library/Think/Template/TagLib.class.php 第 85 行.
NOTIC: [2] array_change_key_case() expects parameter 1 to be array, null given /Applications/MAMP/htdocs/lafei/ThinkPHP/Library/Think/Template/TagLib.class.php 第 85 行.
INFO: [ template_filter ] --START--
INFO: Run Think\Behavior\ContentReplace [ RunTime:0.000090s ]
INFO: [ template_filter ] --END-- [ RunTime:0.000126s ]
NOTIC: [8] Undefined variable: meta_title /Applications/MAMP/htdocs/lafei/html/Runtime/Cache/Admin/ba683d719ea8b72da58ed3b56ed44186.php 第 5 行.
NOTIC: [8192] mysql_connect(): The mysql extension is deprecated and will be removed in the future: use mysqli or PDO instead /Applications/MAMP/htdocs/lafei/ThinkPHP/Library/Think/Db/Driver/Mysql.class.php 第 52 行.
SQL: SHOW COLUMNS FROM `gygy_menu` [ RunTime:0.000843s ]
SQL: SELECT * FROM `gygy_menu` WHERE ( `pid` = 0 ) AND ( `hide` = 0 ) AND ( `is_dev` = 0 ) ORDER BY sort asc  [ RunTime:0.000379s ]
SQL: SELECT `id` FROM `gygy_menu` WHERE ( url like '%Time/edit%' ) ORDER BY id desc LIMIT 1   [ RunTime:0.000281s ]
SQL: SHOW COLUMNS FROM `gygy_menu` [ RunTime:0.000926s ]
SQL: SELECT `id`,`pid`,`title` FROM `gygy_menu` WHERE ( id=120 ) LIMIT 1   [ RunTime:0.000212s ]
SQL: SELECT `id`,`pid`,`title` FROM `gygy_menu` WHERE ( id=119 ) LIMIT 1   [ RunTime:0.000204s ]
SQL: SELECT `id`,`pid`,`title` FROM `gygy_menu` WHERE ( id=118 ) LIMIT 1   [ RunTime:0.000201s ]
NOTIC: [8] Use of undefined constant IS_ROOT - assumed 'IS_ROOT' /Applications/MAMP/htdocs/lafei/admin/Admin/Controller/AdminController.class.php 第 346 行.
NOTIC: [8] Use of undefined constant IS_ROOT - assumed 'IS_ROOT' /Applications/MAMP/htdocs/lafei/admin/Admin/Controller/AdminController.class.php 第 346 行.
NOTIC: [8] Use of undefined constant IS_ROOT - assumed 'IS_ROOT' /Applications/MAMP/htdocs/lafei/admin/Admin/Controller/AdminController.class.php 第 346 行.
NOTIC: [8] Use of undefined constant IS_ROOT - assumed 'IS_ROOT' /Applications/MAMP/htdocs/lafei/admin/Admin/Controller/AdminController.class.php 第 346 行.
SQL: SELECT DISTINCT  `group` FROM `gygy_menu` WHERE ( pid = 118 )  [ RunTime:0.000274s ]
SQL: SELECT `id`,`url` FROM `gygy_menu` WHERE ( `pid` = 118 ) AND ( `hide` = 0 ) AND ( `is_dev` = 0 )  [ RunTime:0.000351s ]
NOTIC: [8] Use of undefined constant IS_ROOT - assumed 'IS_ROOT' /Applications/MAMP/htdocs/lafei/admin/Admin/Controller/AdminController.class.php 第 372 行.
SQL: SELECT `id`,`pid`,`title`,`url`,`tip` FROM `gygy_menu` WHERE ( `group` = '时间管理' ) AND ( `pid` = 118 ) AND ( `hide` = 0 ) AND ( `is_dev` = 0 ) ORDER BY sort asc  [ RunTime:0.000311s ]
NOTIC: [8] Use of undefined constant IS_ROOT - assumed 'IS_ROOT' /Applications/MAMP/htdocs/lafei/admin/Admin/Controller/AdminController.class.php 第 346 行.
NOTIC: [8] Use of undefined constant IS_ROOT - assumed 'IS_ROOT' /Applications/MAMP/htdocs/lafei/admin/Admin/Controller/AdminController.class.php 第 346 行.
NOTIC: [8] Use of undefined constant IS_ROOT - assumed 'IS_ROOT' /Applications/MAMP/htdocs/lafei/admin/Admin/Controller/AdminController.class.php 第 346 行.
NOTIC: [8] Use of undefined constant IS_ROOT - assumed 'IS_ROOT' /Applications/MAMP/htdocs/lafei/admin/Admin/Controller/AdminController.class.php 第 346 行.
NOTIC: [8] Undefined variable: info /Applications/MAMP/htdocs/lafei/html/Runtime/Cache/Admin/ba683d719ea8b72da58ed3b56ed44186.php 第 110 行.
INFO: Run Think\Behavior\ParseTemplate [ RunTime:0.024037s ]
INFO: [ view_parse ] --END-- [ RunTime:0.024069s ]
INFO: [ view_filter ] --START--
INFO: Run Think\Behavior\TokenBuild [ RunTime:0.000034s ]
INFO: Run Think\Behavior\WriteHtmlCache [ RunTime:0.000009s ]
INFO: [ view_filter ] --END-- [ RunTime:0.000080s ]
INFO: [ view_end ] --START--
INFO: [ view_end ] --END-- [ RunTime:0.000025s ]
INFO: [ app_end ] --START--
INFO: Run Think\Behavior\ShowPageTrace [ RunTime:0.000025s ]
INFO: [ app_end ] --END-- [ RunTime:0.000051s ]

[ 2017-04-03T10:54:52+08:00 ] 127.0.0.1 /lafei/html/admin.php?s=/admin/time/edit.html
INFO: [ app_begin ] --START--
INFO: Run Think\Behavior\ReadHtmlCache [ RunTime:0.000031s ]
INFO: [ app_begin ] --END-- [ RunTime:0.000237s ]
INFO: [ action_begin ] --START--
INFO: [ action_begin ] --END-- [ RunTime:0.000018s ]
INFO: [ view_begin ] --START--
INFO: [ view_begin ] --END-- [ RunTime:0.000013s ]
INFO: [ view_parse ] --START--
NOTIC: [8] Undefined index: @attributes /Applications/MAMP/htdocs/lafei/ThinkPHP/Library/Think/Template/TagLib.class.php 第 85 行.
NOTIC: [2] array_change_key_case() expects parameter 1 to be array, null given /Applications/MAMP/htdocs/lafei/ThinkPHP/Library/Think/Template/TagLib.class.php 第 85 行.
NOTIC: [8] Undefined index: @attributes /Applications/MAMP/htdocs/lafei/ThinkPHP/Library/Think/Template/TagLib.class.php 第 85 行.
NOTIC: [2] array_change_key_case() expects parameter 1 to be array, null given /Applications/MAMP/htdocs/lafei/ThinkPHP/Library/Think/Template/TagLib.class.php 第 85 行.
INFO: [ template_filter ] --START--
INFO: Run Think\Behavior\ContentReplace [ RunTime:0.000089s ]
INFO: [ template_filter ] --END-- [ RunTime:0.000127s ]
NOTIC: [8] Undefined variable: meta_title /Applications/MAMP/htdocs/lafei/html/Runtime/Cache/Admin/ba683d719ea8b72da58ed3b56ed44186.php 第 5 行.
NOTIC: [8192] mysql_connect(): The mysql extension is deprecated and will be removed in the future: use mysqli or PDO instead /Applications/MAMP/htdocs/lafei/ThinkPHP/Library/Think/Db/Driver/Mysql.class.php 第 52 行.
SQL: SHOW COLUMNS FROM `gygy_menu` [ RunTime:0.000891s ]
SQL: SELECT * FROM `gygy_menu` WHERE ( `pid` = 0 ) AND ( `hide` = 0 ) AND ( `is_dev` = 0 ) ORDER BY sort asc  [ RunTime:0.000473s ]
SQL: SELECT `id` FROM `gygy_menu` WHERE ( url like '%Time/edit%' ) ORDER BY id desc LIMIT 1   [ RunTime:0.000286s ]
SQL: SHOW COLUMNS FROM `gygy_menu` [ RunTime:0.000997s ]
SQL: SELECT `id`,`pid`,`title` FROM `gygy_menu` WHERE ( id=120 ) LIMIT 1   [ RunTime:0.000215s ]
SQL: SELECT `id`,`pid`,`title` FROM `gygy_menu` WHERE ( id=119 ) LIMIT 1   [ RunTime:0.000204s ]
SQL: SELECT `id`,`pid`,`title` FROM `gygy_menu` WHERE ( id=118 ) LIMIT 1   [ RunTime:0.000201s ]
NOTIC: [8] Use of undefined constant IS_ROOT - assumed 'IS_ROOT' /Applications/MAMP/htdocs/lafei/admin/Admin/Controller/AdminController.class.php 第 346 行.
NOTIC: [8] Use of undefined constant IS_ROOT - assumed 'IS_ROOT' /Applications/MAMP/htdocs/lafei/admin/Admin/Controller/AdminController.class.php 第 346 行.
NOTIC: [8] Use of undefined constant IS_ROOT - assumed 'IS_ROOT' /Applications/MAMP/htdocs/lafei/admin/Admin/Controller/AdminController.class.php 第 346 行.
NOTIC: [8] Use of undefined constant IS_ROOT - assumed 'IS_ROOT' /Applications/MAMP/htdocs/lafei/admin/Admin/Controller/AdminController.class.php 第 346 行.
SQL: SELECT DISTINCT  `group` FROM `gygy_menu` WHERE ( pid = 118 )  [ RunTime:0.000276s ]
SQL: SELECT `id`,`url` FROM `gygy_menu` WHERE ( `pid` = 118 ) AND ( `hide` = 0 ) AND ( `is_dev` = 0 )  [ RunTime:0.000291s ]
NOTIC: [8] Use of undefined constant IS_ROOT - assumed 'IS_ROOT' /Applications/MAMP/htdocs/lafei/admin/Admin/Controller/AdminController.class.php 第 372 行.
SQL: SELECT `id`,`pid`,`title`,`url`,`tip` FROM `gygy_menu` WHERE ( `group` = '时间管理' ) AND ( `pid` = 118 ) AND ( `hide` = 0 ) AND ( `is_dev` = 0 ) ORDER BY sort asc  [ RunTime:0.000365s ]
NOTIC: [8] Use of undefined constant IS_ROOT - assumed 'IS_ROOT' /Applications/MAMP/htdocs/lafei/admin/Admin/Controller/AdminController.class.php 第 346 行.
NOTIC: [8] Use of undefined constant IS_ROOT - assumed 'IS_ROOT' /Applications/MAMP/htdocs/lafei/admin/Admin/Controller/AdminController.class.php 第 346 行.
NOTIC: [8] Use of undefined constant IS_ROOT - assumed 'IS_ROOT' /Applications/MAMP/htdocs/lafei/admin/Admin/Controller/AdminController.class.php 第 346 行.
NOTIC: [8] Use of undefined constant IS_ROOT - assumed 'IS_ROOT' /Applications/MAMP/htdocs/lafei/admin/Admin/Controller/AdminController.class.php 第 346 行.
NOTIC: [8] Undefined variable: info /Applications/MAMP/htdocs/lafei/html/Runtime/Cache/Admin/ba683d719ea8b72da58ed3b56ed44186.php 第 110 行.
INFO: Run Think\Behavior\ParseTemplate [ RunTime:0.023974s ]
INFO: [ view_parse ] --END-- [ RunTime:0.024007s ]
INFO: [ view_filter ] --START--
INFO: Run Think\Behavior\TokenBuild [ RunTime:0.000036s ]
INFO: Run Think\Behavior\WriteHtmlCache [ RunTime:0.000009s ]
INFO: [ view_filter ] --END-- [ RunTime:0.000084s ]
INFO: [ view_end ] --START--
INFO: [ view_end ] --END-- [ RunTime:0.000023s ]
INFO: [ app_end ] --START--
INFO: Run Think\Behavior\ShowPageTrace [ RunTime:0.000024s ]
INFO: [ app_end ] --END-- [ RunTime:0.000060s ]

[ 2017-04-03T10:54:54+08:00 ] 127.0.0.1 /lafei/html/admin.php?s=/admin/time/edit.html
INFO: [ app_begin ] --START--
INFO: Run Think\Behavior\ReadHtmlCache [ RunTime:0.000031s ]
INFO: [ app_begin ] --END-- [ RunTime:0.000251s ]
INFO: [ action_begin ] --START--
INFO: [ action_begin ] --END-- [ RunTime:0.000017s ]
INFO: [ view_begin ] --START--
INFO: [ view_begin ] --END-- [ RunTime:0.000013s ]
INFO: [ view_parse ] --START--
NOTIC: [8] Undefined index: @attributes /Applications/MAMP/htdocs/lafei/ThinkPHP/Library/Think/Template/TagLib.class.php 第 85 行.
NOTIC: [2] array_change_key_case() expects parameter 1 to be array, null given /Applications/MAMP/htdocs/lafei/ThinkPHP/Library/Think/Template/TagLib.class.php 第 85 行.
NOTIC: [8] Undefined index: @attributes /Applications/MAMP/htdocs/lafei/ThinkPHP/Library/Think/Template/TagLib.class.php 第 85 行.
NOTIC: [2] array_change_key_case() expects parameter 1 to be array, null given /Applications/MAMP/htdocs/lafei/ThinkPHP/Library/Think/Template/TagLib.class.php 第 85 行.
INFO: [ template_filter ] --START--
INFO: Run Think\Behavior\ContentReplace [ RunTime:0.000088s ]
INFO: [ template_filter ] --END-- [ RunTime:0.000124s ]
NOTIC: [8] Undefined variable: meta_title /Applications/MAMP/htdocs/lafei/html/Runtime/Cache/Admin/ba683d719ea8b72da58ed3b56ed44186.php 第 5 行.
NOTIC: [8192] mysql_connect(): The mysql extension is deprecated and will be removed in the future: use mysqli or PDO instead /Applications/MAMP/htdocs/lafei/ThinkPHP/Library/Think/Db/Driver/Mysql.class.php 第 52 行.
SQL: SHOW COLUMNS FROM `gygy_menu` [ RunTime:0.000862s ]
SQL: SELECT * FROM `gygy_menu` WHERE ( `pid` = 0 ) AND ( `hide` = 0 ) AND ( `is_dev` = 0 ) ORDER BY sort asc  [ RunTime:0.000381s ]
SQL: SELECT `id` FROM `gygy_menu` WHERE ( url like '%Time/edit%' ) ORDER BY id desc LIMIT 1   [ RunTime:0.000272s ]
SQL: SHOW COLUMNS FROM `gygy_menu` [ RunTime:0.000950s ]
SQL: SELECT `id`,`pid`,`title` FROM `gygy_menu` WHERE ( id=120 ) LIMIT 1   [ RunTime:0.000174s ]
SQL: SELECT `id`,`pid`,`title` FROM `gygy_menu` WHERE ( id=119 ) LIMIT 1   [ RunTime:0.000169s ]
SQL: SELECT `id`,`pid`,`title` FROM `gygy_menu` WHERE ( id=118 ) LIMIT 1   [ RunTime:0.000187s ]
NOTIC: [8] Use of undefined constant IS_ROOT - assumed 'IS_ROOT' /Applications/MAMP/htdocs/lafei/admin/Admin/Controller/AdminController.class.php 第 346 行.
NOTIC: [8] Use of undefined constant IS_ROOT - assumed 'IS_ROOT' /Applications/MAMP/htdocs/lafei/admin/Admin/Controller/AdminController.class.php 第 346 行.
NOTIC: [8] Use of undefined constant IS_ROOT - assumed 'IS_ROOT' /Applications/MAMP/htdocs/lafei/admin/Admin/Controller/AdminController.class.php 第 346 行.
NOTIC: [8] Use of undefined constant IS_ROOT - assumed 'IS_ROOT' /Applications/MAMP/htdocs/lafei/admin/Admin/Controller/AdminController.class.php 第 346 行.
SQL: SELECT DISTINCT  `group` FROM `gygy_menu` WHERE ( pid = 118 )  [ RunTime:0.000284s ]
SQL: SELECT `id`,`url` FROM `gygy_menu` WHERE ( `pid` = 118 ) AND ( `hide` = 0 ) AND ( `is_dev` = 0 )  [ RunTime:0.000278s ]
NOTIC: [8] Use of undefined constant IS_ROOT - assumed 'IS_ROOT' /Applications/MAMP/htdocs/lafei/admin/Admin/Controller/AdminController.class.php 第 372 行.
SQL: SELECT `id`,`pid`,`title`,`url`,`tip` FROM `gygy_menu` WHERE ( `group` = '时间管理' ) AND ( `pid` = 118 ) AND ( `hide` = 0 ) AND ( `is_dev` = 0 ) ORDER BY sort asc  [ RunTime:0.000309s ]
NOTIC: [8] Use of undefined constant IS_ROOT - assumed 'IS_ROOT' /Applications/MAMP/htdocs/lafei/admin/Admin/Controller/AdminController.class.php 第 346 行.
NOTIC: [8] Use of undefined constant IS_ROOT - assumed 'IS_ROOT' /Applications/MAMP/htdocs/lafei/admin/Admin/Controller/AdminController.class.php 第 346 行.
NOTIC: [8] Use of undefined constant IS_ROOT - assumed 'IS_ROOT' /Applications/MAMP/htdocs/lafei/admin/Admin/Controller/AdminController.class.php 第 346 行.
NOTIC: [8] Use of undefined constant IS_ROOT - assumed 'IS_ROOT' /Applications/MAMP/htdocs/lafei/admin/Admin/Controller/AdminController.class.php 第 346 行.
NOTIC: [8] Undefined variable: info /Applications/MAMP/htdocs/lafei/html/Runtime/Cache/Admin/ba683d719ea8b72da58ed3b56ed44186.php 第 110 行.
INFO: Run Think\Behavior\ParseTemplate [ RunTime:0.023605s ]
INFO: [ view_parse ] --END-- [ RunTime:0.023640s ]
INFO: [ view_filter ] --START--
INFO: Run Think\Behavior\TokenBuild [ RunTime:0.000039s ]
INFO: Run Think\Behavior\WriteHtmlCache [ RunTime:0.000010s ]
INFO: [ view_filter ] --END-- [ RunTime:0.000089s ]
INFO: [ view_end ] --START--
INFO: [ view_end ] --END-- [ RunTime:0.000015s ]
INFO: [ app_end ] --START--
INFO: Run Think\Behavior\ShowPageTrace [ RunTime:0.000026s ]
INFO: [ app_end ] --END-- [ RunTime:0.000055s ]

[ 2017-04-03T10:59:47+08:00 ] 127.0.0.1 /lafei/html/admin.php?s=/admin/config/addbank.html
INFO: [ app_begin ] --START--
INFO: Run Think\Behavior\ReadHtmlCache [ RunTime:0.000030s ]
INFO: [ app_begin ] --END-- [ RunTime:0.000242s ]
INFO: [ action_begin ] --START--
INFO: [ action_begin ] --END-- [ RunTime:0.000019s ]
NOTIC: D方法实例化没找到模型类Admin\Model\MemberBankModel
NOTIC: [8192] mysql_connect(): The mysql extension is deprecated and will be removed in the future: use mysqli or PDO instead /Applications/MAMP/htdocs/lafei/ThinkPHP/Library/Think/Db/Driver/Mysql.class.php 第 52 行.
SQL: SHOW COLUMNS FROM `gygy_member_bank` [ RunTime:0.005661s ]
SQL: INSERT INTO `gygy_member_bank` (`bankId`,`account`,`username`,`id`,`admin`,`uid`) VALUES (1,'','',0,1,1) [ RunTime:0.000187s ]
SQL: SHOW COLUMNS FROM `gygy_admin_log` [ RunTime:0.000769s ]
SQL: INSERT INTO `gygy_admin_log` (`uid`,`username`,`type`,`actionTime`,`actionIP`,`action`,`extfield0`,`extfield1`) VALUES (1,'admin',11,1491188387,2130706433,'银行添加',0,'1,,,,1,1') [ RunTime:0.000489s ]

[ 2017-04-03T11:00:02+08:00 ] 127.0.0.1 /lafei/html/admin.php?s=/admin/config/addbank.html
INFO: [ app_begin ] --START--
INFO: Run Think\Behavior\ReadHtmlCache [ RunTime:0.000030s ]
INFO: [ app_begin ] --END-- [ RunTime:0.000300s ]
INFO: [ action_begin ] --START--
INFO: [ action_begin ] --END-- [ RunTime:0.000019s ]
NOTIC: D方法实例化没找到模型类Admin\Model\MemberBankModel
NOTIC: [8192] mysql_connect(): The mysql extension is deprecated and will be removed in the future: use mysqli or PDO instead /Applications/MAMP/htdocs/lafei/ThinkPHP/Library/Think/Db/Driver/Mysql.class.php 第 52 行.
SQL: SHOW COLUMNS FROM `gygy_member_bank` [ RunTime:0.005843s ]
SQL: INSERT INTO `gygy_member_bank` (`bankId`,`account`,`username`,`id`,`admin`,`uid`) VALUES (24,'','',0,1,1) [ RunTime:0.000176s ]
SQL: SHOW COLUMNS FROM `gygy_admin_log` [ RunTime:0.000903s ]
SQL: INSERT INTO `gygy_admin_log` (`uid`,`username`,`type`,`actionTime`,`actionIP`,`action`,`extfield0`,`extfield1`) VALUES (1,'admin',11,1491188402,2130706433,'银行添加',0,'24,,,,1,1') [ RunTime:0.000172s ]

[ 2017-04-03T11:00:10+08:00 ] 127.0.0.1 /lafei/html/admin.php?s=/admin/config/delbank/id/124.html
INFO: [ app_begin ] --START--
INFO: Run Think\Behavior\ReadHtmlCache [ RunTime:0.000032s ]
INFO: [ app_begin ] --END-- [ RunTime:0.000258s ]
INFO: [ action_begin ] --START--
INFO: [ action_begin ] --END-- [ RunTime:0.000017s ]
NOTIC: [8192] mysql_connect(): The mysql extension is deprecated and will be removed in the future: use mysqli or PDO instead /Applications/MAMP/htdocs/lafei/ThinkPHP/Library/Think/Db/Driver/Mysql.class.php 第 52 行.
SQL: SHOW COLUMNS FROM `gygy_member_bank` [ RunTime:0.005673s ]
SQL: DELETE FROM `gygy_member_bank` WHERE ( `id` = 124 ) [ RunTime:0.000224s ]
NOTIC: [8] Undefined variable: data /Applications/MAMP/htdocs/lafei/admin/Admin/Controller/ConfigController.class.php 第 275 行.
NOTIC: [2] implode(): Invalid arguments passed /Applications/MAMP/htdocs/lafei/admin/Admin/Controller/ConfigController.class.php 第 275 行.
NOTIC: [8] Undefined variable: data /Applications/MAMP/htdocs/lafei/admin/Admin/Controller/ConfigController.class.php 第 276 行.
SQL: SHOW COLUMNS FROM `gygy_admin_log` [ RunTime:0.000816s ]
SQL: INSERT INTO `gygy_admin_log` (`uid`,`username`,`type`,`actionTime`,`actionIP`,`action`,`extfield0`,`extfield1`) VALUES (1,'admin',111,1491188410,2130706433,'银行删除',null,null) [ RunTime:0.000209s ]

[ 2017-04-03T11:00:31+08:00 ] 127.0.0.1 /lafei/html/admin.php?s=/admin/config/addbank.html
INFO: [ app_begin ] --START--
INFO: Run Think\Behavior\ReadHtmlCache [ RunTime:0.000033s ]
INFO: [ app_begin ] --END-- [ RunTime:0.000270s ]
INFO: [ action_begin ] --START--
INFO: [ action_begin ] --END-- [ RunTime:0.000018s ]
NOTIC: D方法实例化没找到模型类Admin\Model\MemberBankModel
NOTIC: [8192] mysql_connect(): The mysql extension is deprecated and will be removed in the future: use mysqli or PDO instead /Applications/MAMP/htdocs/lafei/ThinkPHP/Library/Think/Db/Driver/Mysql.class.php 第 52 行.
SQL: SHOW COLUMNS FROM `gygy_member_bank` [ RunTime:0.006232s ]
SQL: INSERT INTO `gygy_member_bank` (`bankId`,`account`,`username`,`id`,`admin`,`uid`) VALUES (31,'','',0,1,1) [ RunTime:0.000170s ]
SQL: SHOW COLUMNS FROM `gygy_admin_log` [ RunTime:0.000823s ]
SQL: INSERT INTO `gygy_admin_log` (`uid`,`username`,`type`,`actionTime`,`actionIP`,`action`,`extfield0`,`extfield1`) VALUES (1,'admin',11,1491188431,2130706433,'银行添加',0,'31,,,,1,1') [ RunTime:0.000171s ]

[ 2017-04-03T11:03:22+08:00 ] 127.0.0.1 /lafei/html/admin.php?s=/admin/time/update.html
INFO: [ app_begin ] --START--
INFO: Run Think\Behavior\ReadHtmlCache [ RunTime:0.000056s ]
INFO: [ app_begin ] --END-- [ RunTime:0.000388s ]
INFO: [ action_begin ] --START--
INFO: [ action_begin ] --END-- [ RunTime:0.000020s ]
NOTIC: D方法实例化没找到模型类Admin\Model\DataTimeModel
NOTIC: [8192] mysql_connect(): The mysql extension is deprecated and will be removed in the future: use mysqli or PDO instead /Applications/MAMP/htdocs/lafei/ThinkPHP/Library/Think/Db/Driver/Mysql.class.php 第 52 行.
SQL: SHOW COLUMNS FROM `gygy_data_time` [ RunTime:0.002254s ]
SQL: UPDATE `gygy_data_time` SET `actionTime`='00:00:30' WHERE ( `id` = 406942 ) [ RunTime:0.000202s ]

[ 2017-04-03T15:54:00+08:00 ] 127.0.0.1 /lafei/html/index.php?s=/home/recharge/recharge.html
ERR: 非法操作:recharge

[ 2017-04-03T15:54:49+08:00 ] 127.0.0.1 /lafei/html/index.php?s=/home/recharge/recharge.html
ERR: 非法操作:recharge

[ 2017-04-03T15:55:26+08:00 ] 127.0.0.1 /lafei/html/index.php?s=/home/recharge/recharge.html
ERR: 非法操作:recharge

