[ 2017-02-23T15:27:15+08:00 ] 127.0.0.1 /index.php?s=/home/user/login.html
INFO: [ app_begin ] --START--
INFO: Run Think\Behavior\ReadHtmlCache [ RunTime:0.000000s ]
INFO: [ app_begin ] --END-- [ RunTime:0.000000s ]
INFO: [ action_begin ] --START--
INFO: [ action_begin ] --END-- [ RunTime:0.000000s ]
SQL: SHOW COLUMNS FROM `gygy_params` [ RunTime:0.015600s ]
NOTIC: [2] Missing argument 1 for Think\Model::where(), called in D:\webroot\lafei\Application\Home\Controller\HomeController.class.php on line 118 and defined D:\webroot\lafei\ThinkPHP\Library\Think\Model.class.php 第 1501 行.
NOTIC: [8] Undefined variable: where D:\webroot\lafei\ThinkPHP\Library\Think\Model.class.php 第 1509 行.
NOTIC: [8] Undefined variable: where D:\webroot\lafei\ThinkPHP\Library\Think\Model.class.php 第 1512 行.
NOTIC: [8] Undefined variable: where D:\webroot\lafei\ThinkPHP\Library\Think\Model.class.php 第 1520 行.
SQL: SHOW COLUMNS FROM `gygy_members` [ RunTime:0.031200s ]
SQL: SELECT * FROM `gygy_members` WHERE ( `username` = 'testest' ) LIMIT 1   [ RunTime:0.000000s ]

[ 2017-02-23T15:27:28+08:00 ] 127.0.0.1 /index.php?s=/home/user/login.html
INFO: [ app_begin ] --START--
INFO: Run Think\Behavior\ReadHtmlCache [ RunTime:0.000000s ]
INFO: [ app_begin ] --END-- [ RunTime:0.000000s ]
INFO: [ action_begin ] --START--
INFO: [ action_begin ] --END-- [ RunTime:0.000000s ]
SQL: SHOW COLUMNS FROM `gygy_params` [ RunTime:0.015600s ]
NOTIC: [2] Missing argument 1 for Think\Model::where(), called in D:\webroot\lafei\Application\Home\Controller\HomeController.class.php on line 118 and defined D:\webroot\lafei\ThinkPHP\Library\Think\Model.class.php 第 1501 行.
NOTIC: [8] Undefined variable: where D:\webroot\lafei\ThinkPHP\Library\Think\Model.class.php 第 1509 行.
NOTIC: [8] Undefined variable: where D:\webroot\lafei\ThinkPHP\Library\Think\Model.class.php 第 1512 行.
NOTIC: [8] Undefined variable: where D:\webroot\lafei\ThinkPHP\Library\Think\Model.class.php 第 1520 行.

[ 2017-02-23T15:27:37+08:00 ] 127.0.0.1 /index.php?s=/home/user/login.html
INFO: [ app_begin ] --START--
INFO: Run Think\Behavior\ReadHtmlCache [ RunTime:0.000000s ]
INFO: [ app_begin ] --END-- [ RunTime:0.000000s ]
INFO: [ action_begin ] --START--
INFO: [ action_begin ] --END-- [ RunTime:0.000000s ]
SQL: SHOW COLUMNS FROM `gygy_params` [ RunTime:0.015600s ]
NOTIC: [2] Missing argument 1 for Think\Model::where(), called in D:\webroot\lafei\Application\Home\Controller\HomeController.class.php on line 118 and defined D:\webroot\lafei\ThinkPHP\Library\Think\Model.class.php 第 1501 行.
NOTIC: [8] Undefined variable: where D:\webroot\lafei\ThinkPHP\Library\Think\Model.class.php 第 1509 行.
NOTIC: [8] Undefined variable: where D:\webroot\lafei\ThinkPHP\Library\Think\Model.class.php 第 1512 行.
NOTIC: [8] Undefined variable: where D:\webroot\lafei\ThinkPHP\Library\Think\Model.class.php 第 1520 行.
SQL: SHOW COLUMNS FROM `gygy_members` [ RunTime:0.015600s ]
SQL: SELECT * FROM `gygy_members` WHERE ( `username` = 'ceshi' ) LIMIT 1   [ RunTime:0.000000s ]

[ 2017-02-23T15:27:47+08:00 ] 127.0.0.1 /index.php?s=/home/user/logined.html
INFO: [ app_begin ] --START--
INFO: Run Think\Behavior\ReadHtmlCache [ RunTime:0.000000s ]
INFO: [ app_begin ] --END-- [ RunTime:0.000000s ]
INFO: [ action_begin ] --START--
INFO: [ action_begin ] --END-- [ RunTime:0.000000s ]
SQL: SHOW COLUMNS FROM `gygy_params` [ RunTime:0.015600s ]
NOTIC: [2] Missing argument 1 for Think\Model::where(), called in D:\webroot\lafei\Application\Home\Controller\HomeController.class.php on line 118 and defined D:\webroot\lafei\ThinkPHP\Library\Think\Model.class.php 第 1501 行.
NOTIC: [8] Undefined variable: where D:\webroot\lafei\ThinkPHP\Library\Think\Model.class.php 第 1509 行.
NOTIC: [8] Undefined variable: where D:\webroot\lafei\ThinkPHP\Library\Think\Model.class.php 第 1512 行.
NOTIC: [8] Undefined variable: where D:\webroot\lafei\ThinkPHP\Library\Think\Model.class.php 第 1520 行.
SQL: SHOW COLUMNS FROM `gygy_members` [ RunTime:0.015600s ]
SQL: SELECT * FROM `gygy_members` WHERE ( `username` = 'ceshi' ) AND ( `password` = 'cadc9f502a3bbd0ad93246e2af2c593e' ) LIMIT 1   [ RunTime:0.000000s ]
SQL: SHOW COLUMNS FROM `gygy_member_session` [ RunTime:0.031200s ]
SQL: INSERT INTO `gygy_member_session` (`uid`,`username`,`session_key`,`loginTime`,`accessTime`,`loginIP`) VALUES (286,'ceshi',0,1487834865,1487834865,2130706433) [ RunTime:0.000000s ]
SQL: UPDATE `gygy_member_session` SET `isOnLine`=0 WHERE ( uid=286 and id<2314 ) [ RunTime:0.000000s ]

[ 2017-02-23T15:28:38+08:00 ] 127.0.0.1 /index.php?s=/home/index/getLastKjData/type/35&_=1487834917734
INFO: [ app_begin ] --START--
INFO: Run Think\Behavior\ReadHtmlCache [ RunTime:0.000000s ]
INFO: [ app_begin ] --END-- [ RunTime:0.000000s ]
INFO: [ action_begin ] --START--
INFO: [ action_begin ] --END-- [ RunTime:0.000000s ]
SQL: SHOW COLUMNS FROM `gygy_member_session` [ RunTime:0.012500s ]
SQL: UPDATE `gygy_member_session` SET `accessTime`=1487834917 WHERE ( `id` = 2314 ) [ RunTime:0.002500s ]
SQL: SHOW COLUMNS FROM `gygy_params` [ RunTime:0.012500s ]
NOTIC: [2] Missing argument 1 for Think\Model::where(), called in D:\webroot\lafei\Application\Home\Controller\HomeController.class.php on line 118 and defined D:\webroot\lafei\ThinkPHP\Library\Think\Model.class.php 第 1501 行.
NOTIC: [8] Undefined variable: where D:\webroot\lafei\ThinkPHP\Library\Think\Model.class.php 第 1509 行.
NOTIC: [8] Undefined variable: where D:\webroot\lafei\ThinkPHP\Library\Think\Model.class.php 第 1512 行.
NOTIC: [8] Undefined variable: where D:\webroot\lafei\ThinkPHP\Library\Think\Model.class.php 第 1520 行.
SQL: SHOW COLUMNS FROM `gygy_type` [ RunTime:0.015001s ]
SQL: SELECT `data_ftime` FROM `gygy_type` WHERE ( `id` = 35 ) LIMIT 1   [ RunTime:0.000000s ]
SQL: SHOW COLUMNS FROM `gygy_data_time` [ RunTime:0.010000s ]
SQL: SELECT * FROM `gygy_data_time` WHERE ( `type` = 35 ) AND ( `actionTime` <= '15:29:37' ) ORDER BY actionTime desc LIMIT 1   [ RunTime:0.007500s ]
SQL: SHOW COLUMNS FROM `gygy_data` [ RunTime:0.012500s ]
SQL: SELECT `data` FROM `gygy_data` WHERE ( `type` = 35 ) AND ( `number` = '1780500' ) LIMIT 1   [ RunTime:0.002500s ]
INFO: [ app_end ] --START--
INFO: Run Think\Behavior\ShowPageTrace [ RunTime:0.000000s ]
INFO: [ app_end ] --END-- [ RunTime:0.000000s ]

[ 2017-02-23T15:28:41+08:00 ] 127.0.0.1 /index.php?s=/home/index/getLastKjData/type/1&_=1487834920404
INFO: [ app_begin ] --START--
INFO: Run Think\Behavior\ReadHtmlCache [ RunTime:0.002500s ]
INFO: [ app_begin ] --END-- [ RunTime:0.002500s ]
INFO: [ action_begin ] --START--
INFO: [ action_begin ] --END-- [ RunTime:0.000000s ]
SQL: SHOW COLUMNS FROM `gygy_member_session` [ RunTime:0.015000s ]
SQL: UPDATE `gygy_member_session` SET `accessTime`=1487834920 WHERE ( `id` = 2314 ) [ RunTime:0.000000s ]
SQL: SHOW COLUMNS FROM `gygy_params` [ RunTime:0.012500s ]
NOTIC: [2] Missing argument 1 for Think\Model::where(), called in D:\webroot\lafei\Application\Home\Controller\HomeController.class.php on line 118 and defined D:\webroot\lafei\ThinkPHP\Library\Think\Model.class.php 第 1501 行.
NOTIC: [8] Undefined variable: where D:\webroot\lafei\ThinkPHP\Library\Think\Model.class.php 第 1509 行.
NOTIC: [8] Undefined variable: where D:\webroot\lafei\ThinkPHP\Library\Think\Model.class.php 第 1512 行.
NOTIC: [8] Undefined variable: where D:\webroot\lafei\ThinkPHP\Library\Think\Model.class.php 第 1520 行.
SQL: SHOW COLUMNS FROM `gygy_type` [ RunTime:0.015000s ]
SQL: SELECT `data_ftime` FROM `gygy_type` WHERE ( `id` = 1 ) LIMIT 1   [ RunTime:0.002500s ]
SQL: SHOW COLUMNS FROM `gygy_data_time` [ RunTime:0.012501s ]
SQL: SELECT * FROM `gygy_data_time` WHERE ( `type` = 1 ) AND ( `actionTime` <= '15:29:10' ) ORDER BY actionTime desc LIMIT 1   [ RunTime:0.002500s ]
SQL: SHOW COLUMNS FROM `gygy_data` [ RunTime:0.000000s ]
SQL: SELECT `data` FROM `gygy_data` WHERE ( `type` = 1 ) AND ( `number` = '20170223-056' ) LIMIT 1   [ RunTime:0.015600s ]
INFO: [ app_end ] --START--
INFO: Run Think\Behavior\ShowPageTrace [ RunTime:0.000000s ]
INFO: [ app_end ] --END-- [ RunTime:0.000000s ]

[ 2017-02-23T15:28:53+08:00 ] 127.0.0.1 /index.php?s=/home/index/getLastKjData/type/1&_=1487834932167
INFO: [ app_begin ] --START--
INFO: Run Think\Behavior\ReadHtmlCache [ RunTime:0.000000s ]
INFO: [ app_begin ] --END-- [ RunTime:0.000000s ]
INFO: [ action_begin ] --START--
INFO: [ action_begin ] --END-- [ RunTime:0.000000s ]
SQL: SHOW COLUMNS FROM `gygy_member_session` [ RunTime:0.015600s ]
SQL: UPDATE `gygy_member_session` SET `accessTime`=1487834932 WHERE ( `id` = 2314 ) [ RunTime:0.000000s ]
SQL: SHOW COLUMNS FROM `gygy_params` [ RunTime:0.015600s ]
NOTIC: [2] Missing argument 1 for Think\Model::where(), called in D:\webroot\lafei\Application\Home\Controller\HomeController.class.php on line 118 and defined D:\webroot\lafei\ThinkPHP\Library\Think\Model.class.php 第 1501 行.
NOTIC: [8] Undefined variable: where D:\webroot\lafei\ThinkPHP\Library\Think\Model.class.php 第 1509 行.
NOTIC: [8] Undefined variable: where D:\webroot\lafei\ThinkPHP\Library\Think\Model.class.php 第 1512 行.
NOTIC: [8] Undefined variable: where D:\webroot\lafei\ThinkPHP\Library\Think\Model.class.php 第 1520 行.
SQL: SHOW COLUMNS FROM `gygy_type` [ RunTime:0.000000s ]
SQL: SELECT `data_ftime` FROM `gygy_type` WHERE ( `id` = 1 ) LIMIT 1   [ RunTime:0.000000s ]
SQL: SHOW COLUMNS FROM `gygy_data_time` [ RunTime:0.015600s ]
SQL: SELECT * FROM `gygy_data_time` WHERE ( `type` = 1 ) AND ( `actionTime` <= '15:29:22' ) ORDER BY actionTime desc LIMIT 1   [ RunTime:0.000000s ]
SQL: SHOW COLUMNS FROM `gygy_data` [ RunTime:0.015601s ]
SQL: SELECT `data` FROM `gygy_data` WHERE ( `type` = 1 ) AND ( `number` = '20170223-056' ) LIMIT 1   [ RunTime:0.000000s ]
INFO: [ app_end ] --START--
INFO: Run Think\Behavior\ShowPageTrace [ RunTime:0.000000s ]
INFO: [ app_end ] --END-- [ RunTime:0.000000s ]

[ 2017-02-23T15:29:05+08:00 ] 127.0.0.1 /index.php?s=/home/index/getLastKjData/type/1&_=1487834944167
INFO: [ app_begin ] --START--
INFO: Run Think\Behavior\ReadHtmlCache [ RunTime:0.000000s ]
INFO: [ app_begin ] --END-- [ RunTime:0.000000s ]
INFO: [ action_begin ] --START--
INFO: [ action_begin ] --END-- [ RunTime:0.000000s ]
SQL: SHOW COLUMNS FROM `gygy_member_session` [ RunTime:0.015600s ]
SQL: UPDATE `gygy_member_session` SET `accessTime`=1487834944 WHERE ( `id` = 2314 ) [ RunTime:0.000000s ]
SQL: SHOW COLUMNS FROM `gygy_params` [ RunTime:0.015600s ]
NOTIC: [2] Missing argument 1 for Think\Model::where(), called in D:\webroot\lafei\Application\Home\Controller\HomeController.class.php on line 118 and defined D:\webroot\lafei\ThinkPHP\Library\Think\Model.class.php 第 1501 行.
NOTIC: [8] Undefined variable: where D:\webroot\lafei\ThinkPHP\Library\Think\Model.class.php 第 1509 行.
NOTIC: [8] Undefined variable: where D:\webroot\lafei\ThinkPHP\Library\Think\Model.class.php 第 1512 行.
NOTIC: [8] Undefined variable: where D:\webroot\lafei\ThinkPHP\Library\Think\Model.class.php 第 1520 行.
SQL: SHOW COLUMNS FROM `gygy_type` [ RunTime:0.015600s ]
SQL: SELECT `data_ftime` FROM `gygy_type` WHERE ( `id` = 1 ) LIMIT 1   [ RunTime:0.000000s ]
SQL: SHOW COLUMNS FROM `gygy_data_time` [ RunTime:0.015600s ]
SQL: SELECT * FROM `gygy_data_time` WHERE ( `type` = 1 ) AND ( `actionTime` <= '15:29:34' ) ORDER BY actionTime desc LIMIT 1   [ RunTime:0.000000s ]
SQL: SHOW COLUMNS FROM `gygy_data` [ RunTime:0.015600s ]
SQL: SELECT `data` FROM `gygy_data` WHERE ( `type` = 1 ) AND ( `number` = '20170223-056' ) LIMIT 1   [ RunTime:0.000000s ]
SQL: SELECT `data_ftime` FROM `gygy_type` WHERE ( `id` = 1 ) LIMIT 1   [ RunTime:0.015600s ]
SQL: SELECT * FROM `gygy_data_time` WHERE ( `type` = 1 ) AND ( `actionTime` > '15:29:34' ) ORDER BY actionTime LIMIT 1   [ RunTime:0.000000s ]
SQL: SELECT `data_ftime` FROM `gygy_type` WHERE ( `id` = 1 ) LIMIT 1   [ RunTime:0.000000s ]

[ 2017-02-23T15:29:06+08:00 ] 127.0.0.1 /index.php?s=/home/game/getOrdered
INFO: [ app_begin ] --START--
INFO: Run Think\Behavior\ReadHtmlCache [ RunTime:0.000000s ]
INFO: [ app_begin ] --END-- [ RunTime:0.000000s ]
INFO: [ action_begin ] --START--
INFO: [ action_begin ] --END-- [ RunTime:0.000000s ]
SQL: SHOW COLUMNS FROM `gygy_member_session` [ RunTime:0.000000s ]
SQL: UPDATE `gygy_member_session` SET `accessTime`=1487834945 WHERE ( `id` = 2314 ) [ RunTime:0.000000s ]
SQL: SHOW COLUMNS FROM `gygy_params` [ RunTime:0.000000s ]
NOTIC: [2] Missing argument 1 for Think\Model::where(), called in D:\webroot\lafei\Application\Home\Controller\HomeController.class.php on line 118 and defined D:\webroot\lafei\ThinkPHP\Library\Think\Model.class.php 第 1501 行.
NOTIC: [8] Undefined variable: where D:\webroot\lafei\ThinkPHP\Library\Think\Model.class.php 第 1509 行.
NOTIC: [8] Undefined variable: where D:\webroot\lafei\ThinkPHP\Library\Think\Model.class.php 第 1512 行.
NOTIC: [8] Undefined variable: where D:\webroot\lafei\ThinkPHP\Library\Think\Model.class.php 第 1520 行.
SQL: SHOW COLUMNS FROM `gygy_bets` [ RunTime:0.015600s ]
SQL: SELECT * FROM `gygy_bets` WHERE ( `uid` = 286 ) ORDER BY id desc LIMIT 7   [ RunTime:0.000000s ]
SQL: SHOW COLUMNS FROM `gygy_type` [ RunTime:0.000000s ]
SQL: SHOW COLUMNS FROM `gygy_played` [ RunTime:0.000000s ]
INFO: [ view_begin ] --START--
INFO: [ view_begin ] --END-- [ RunTime:0.000000s ]
INFO: [ view_parse ] --START--
NOTIC: [8] Undefined index: @attributes D:\webroot\lafei\ThinkPHP\Library\Think\Template\TagLib.class.php 第 85 行.
NOTIC: [2] array_change_key_case() expects parameter 1 to be array, null given D:\webroot\lafei\ThinkPHP\Library\Think\Template\TagLib.class.php 第 85 行.
NOTIC: [8] Undefined index: @attributes D:\webroot\lafei\ThinkPHP\Library\Think\Template\TagLib.class.php 第 85 行.
NOTIC: [2] array_change_key_case() expects parameter 1 to be array, null given D:\webroot\lafei\ThinkPHP\Library\Think\Template\TagLib.class.php 第 85 行.
NOTIC: [8] Undefined index: @attributes D:\webroot\lafei\ThinkPHP\Library\Think\Template\TagLib.class.php 第 85 行.
NOTIC: [2] array_change_key_case() expects parameter 1 to be array, null given D:\webroot\lafei\ThinkPHP\Library\Think\Template\TagLib.class.php 第 85 行.
INFO: [ template_filter ] --START--
INFO: Run Think\Behavior\ContentReplace [ RunTime:0.000000s ]
INFO: [ template_filter ] --END-- [ RunTime:0.000000s ]
INFO: Run Think\Behavior\ParseTemplate [ RunTime:0.015600s ]
INFO: [ view_parse ] --END-- [ RunTime:0.015600s ]
INFO: [ view_filter ] --START--
INFO: Run Think\Behavior\TokenBuild [ RunTime:0.000000s ]
INFO: Run Think\Behavior\WriteHtmlCache [ RunTime:0.000000s ]
INFO: [ view_filter ] --END-- [ RunTime:0.000000s ]
INFO: [ view_end ] --START--
INFO: [ view_end ] --END-- [ RunTime:0.000000s ]
INFO: [ app_end ] --START--
INFO: Run Think\Behavior\ShowPageTrace [ RunTime:0.000000s ]
INFO: [ app_end ] --END-- [ RunTime:0.000000s ]

[ 2017-02-23T15:29:07+08:00 ] 127.0.0.1 /index.php?s=/home/index/getHistoryData/type/1
INFO: [ app_begin ] --START--
INFO: Run Think\Behavior\ReadHtmlCache [ RunTime:0.000000s ]
INFO: [ app_begin ] --END-- [ RunTime:0.000000s ]
INFO: [ action_begin ] --START--
INFO: [ action_begin ] --END-- [ RunTime:0.000000s ]
SQL: SHOW COLUMNS FROM `gygy_member_session` [ RunTime:0.015600s ]
SQL: UPDATE `gygy_member_session` SET `accessTime`=1487834946 WHERE ( `id` = 2314 ) [ RunTime:0.000000s ]
SQL: SHOW COLUMNS FROM `gygy_params` [ RunTime:0.015600s ]
NOTIC: [2] Missing argument 1 for Think\Model::where(), called in D:\webroot\lafei\Application\Home\Controller\HomeController.class.php on line 118 and defined D:\webroot\lafei\ThinkPHP\Library\Think\Model.class.php 第 1501 行.
NOTIC: [8] Undefined variable: where D:\webroot\lafei\ThinkPHP\Library\Think\Model.class.php 第 1509 行.
NOTIC: [8] Undefined variable: where D:\webroot\lafei\ThinkPHP\Library\Think\Model.class.php 第 1512 行.
NOTIC: [8] Undefined variable: where D:\webroot\lafei\ThinkPHP\Library\Think\Model.class.php 第 1520 行.
SQL: SHOW COLUMNS FROM `gygy_data` [ RunTime:0.015600s ]
SQL: SELECT `time`,`number`,`data` FROM `gygy_data` WHERE ( `type` = 1 ) ORDER BY number desc,time desc LIMIT 4   [ RunTime:0.076800s ]
INFO: [ view_begin ] --START--
INFO: [ view_begin ] --END-- [ RunTime:0.000000s ]
INFO: [ view_parse ] --START--
NOTIC: [8] Undefined index: @attributes D:\webroot\lafei\ThinkPHP\Library\Think\Template\TagLib.class.php 第 85 行.
NOTIC: [2] array_change_key_case() expects parameter 1 to be array, null given D:\webroot\lafei\ThinkPHP\Library\Think\Template\TagLib.class.php 第 85 行.
NOTIC: [8] Undefined index: @attributes D:\webroot\lafei\ThinkPHP\Library\Think\Template\TagLib.class.php 第 85 行.
NOTIC: [2] array_change_key_case() expects parameter 1 to be array, null given D:\webroot\lafei\ThinkPHP\Library\Think\Template\TagLib.class.php 第 85 行.
INFO: [ template_filter ] --START--
INFO: Run Think\Behavior\ContentReplace [ RunTime:0.000000s ]
INFO: [ template_filter ] --END-- [ RunTime:0.000000s ]
INFO: Run Think\Behavior\ParseTemplate [ RunTime:0.010000s ]
INFO: [ view_parse ] --END-- [ RunTime:0.010000s ]
INFO: [ view_filter ] --START--
INFO: Run Think\Behavior\TokenBuild [ RunTime:0.000000s ]
INFO: Run Think\Behavior\WriteHtmlCache [ RunTime:0.000000s ]
INFO: [ view_filter ] --END-- [ RunTime:0.000000s ]
INFO: [ view_end ] --START--
INFO: [ view_end ] --END-- [ RunTime:0.000000s ]
INFO: [ app_end ] --START--
INFO: Run Think\Behavior\ShowPageTrace [ RunTime:0.000000s ]
INFO: [ app_end ] --END-- [ RunTime:0.000000s ]

[ 2017-02-23T15:29:08+08:00 ] 127.0.0.1 /index.php?s=/home/index/userinfo
INFO: [ app_begin ] --START--
INFO: Run Think\Behavior\ReadHtmlCache [ RunTime:0.000000s ]
INFO: [ app_begin ] --END-- [ RunTime:0.000000s ]
INFO: [ action_begin ] --START--
INFO: [ action_begin ] --END-- [ RunTime:0.000000s ]
SQL: SHOW COLUMNS FROM `gygy_member_session` [ RunTime:0.015000s ]
SQL: UPDATE `gygy_member_session` SET `accessTime`=1487834947 WHERE ( `id` = 2314 ) [ RunTime:0.000000s ]
SQL: SHOW COLUMNS FROM `gygy_params` [ RunTime:0.007500s ]
NOTIC: [2] Missing argument 1 for Think\Model::where(), called in D:\webroot\lafei\Application\Home\Controller\HomeController.class.php on line 118 and defined D:\webroot\lafei\ThinkPHP\Library\Think\Model.class.php 第 1501 行.
NOTIC: [8] Undefined variable: where D:\webroot\lafei\ThinkPHP\Library\Think\Model.class.php 第 1509 行.
NOTIC: [8] Undefined variable: where D:\webroot\lafei\ThinkPHP\Library\Think\Model.class.php 第 1512 行.
NOTIC: [8] Undefined variable: where D:\webroot\lafei\ThinkPHP\Library\Think\Model.class.php 第 1520 行.
SQL: SHOW COLUMNS FROM `gygy_members` [ RunTime:0.010000s ]
SQL: SELECT `username`,`nickname`,`enable`,`coin` FROM `gygy_members` WHERE ( `uid` = 286 ) LIMIT 1   [ RunTime:0.000000s ]

[ 2017-02-23T15:29:46+08:00 ] 127.0.0.1 /index.php?s=/home/index/getQiHao/type/1
INFO: [ app_begin ] --START--
INFO: Run Think\Behavior\ReadHtmlCache [ RunTime:0.000000s ]
INFO: [ app_begin ] --END-- [ RunTime:0.002001s ]
INFO: [ action_begin ] --START--
INFO: [ action_begin ] --END-- [ RunTime:0.000000s ]
SQL: SHOW COLUMNS FROM `gygy_member_session` [ RunTime:0.015001s ]
SQL: UPDATE `gygy_member_session` SET `accessTime`=1487834985 WHERE ( `id` = 2314 ) [ RunTime:0.001000s ]
SQL: SHOW COLUMNS FROM `gygy_params` [ RunTime:0.014001s ]
NOTIC: [2] Missing argument 1 for Think\Model::where(), called in D:\webroot\lafei\Application\Home\Controller\HomeController.class.php on line 118 and defined D:\webroot\lafei\ThinkPHP\Library\Think\Model.class.php 第 1501 行.
NOTIC: [8] Undefined variable: where D:\webroot\lafei\ThinkPHP\Library\Think\Model.class.php 第 1509 行.
NOTIC: [8] Undefined variable: where D:\webroot\lafei\ThinkPHP\Library\Think\Model.class.php 第 1512 行.
NOTIC: [8] Undefined variable: where D:\webroot\lafei\ThinkPHP\Library\Think\Model.class.php 第 1520 行.
SQL: SHOW COLUMNS FROM `gygy_type` [ RunTime:0.015001s ]
SQL: SELECT `data_ftime` FROM `gygy_type` WHERE ( `id` = 1 ) LIMIT 1   [ RunTime:0.002000s ]
SQL: SHOW COLUMNS FROM `gygy_data_time` [ RunTime:0.015001s ]
SQL: SELECT * FROM `gygy_data_time` WHERE ( `type` = 1 ) AND ( `actionTime` > '15:30:15' ) ORDER BY actionTime LIMIT 1   [ RunTime:0.002000s ]
SQL: SELECT `data_ftime` FROM `gygy_type` WHERE ( `id` = 1 ) LIMIT 1   [ RunTime:0.001000s ]
SQL: SELECT * FROM `gygy_data_time` WHERE ( `type` = 1 ) AND ( `actionTime` <= '15:30:15' ) ORDER BY actionTime desc LIMIT 1   [ RunTime:0.003000s ]
SQL: SELECT `data_ftime` FROM `gygy_type` WHERE ( `id` = 1 ) LIMIT 1   [ RunTime:0.001000s ]
SQL: SELECT * FROM `gygy_data_time` WHERE ( `type` = 1 ) AND ( `actionTime` > '15:30:15' ) ORDER BY actionTime LIMIT 1   [ RunTime:0.002000s ]
SQL: SELECT `data_ftime` FROM `gygy_type` WHERE ( `id` = 1 ) LIMIT 1   [ RunTime:0.002000s ]

[ 2017-02-23T15:29:56+08:00 ] 127.0.0.1 /index.php?s=/home/index/getLastKjData/type/1&_=1487834995162
INFO: [ app_begin ] --START--
INFO: Run Think\Behavior\ReadHtmlCache [ RunTime:0.001000s ]
INFO: [ app_begin ] --END-- [ RunTime:0.001000s ]
INFO: [ action_begin ] --START--
INFO: [ action_begin ] --END-- [ RunTime:0.001000s ]
SQL: SHOW COLUMNS FROM `gygy_member_session` [ RunTime:0.014001s ]
SQL: UPDATE `gygy_member_session` SET `accessTime`=1487834995 WHERE ( `id` = 2314 ) [ RunTime:0.001000s ]
SQL: SHOW COLUMNS FROM `gygy_params` [ RunTime:0.014001s ]
NOTIC: [2] Missing argument 1 for Think\Model::where(), called in D:\webroot\lafei\Application\Home\Controller\HomeController.class.php on line 118 and defined D:\webroot\lafei\ThinkPHP\Library\Think\Model.class.php 第 1501 行.
NOTIC: [8] Undefined variable: where D:\webroot\lafei\ThinkPHP\Library\Think\Model.class.php 第 1509 行.
NOTIC: [8] Undefined variable: where D:\webroot\lafei\ThinkPHP\Library\Think\Model.class.php 第 1512 行.
NOTIC: [8] Undefined variable: where D:\webroot\lafei\ThinkPHP\Library\Think\Model.class.php 第 1520 行.
SQL: SHOW COLUMNS FROM `gygy_type` [ RunTime:0.014001s ]
SQL: SELECT `data_ftime` FROM `gygy_type` WHERE ( `id` = 1 ) LIMIT 1   [ RunTime:0.001000s ]
SQL: SHOW COLUMNS FROM `gygy_data_time` [ RunTime:0.013000s ]
SQL: SELECT * FROM `gygy_data_time` WHERE ( `type` = 1 ) AND ( `actionTime` <= '15:30:25' ) ORDER BY actionTime desc LIMIT 1   [ RunTime:0.002000s ]
SQL: SHOW COLUMNS FROM `gygy_data` [ RunTime:0.013001s ]
SQL: SELECT `data` FROM `gygy_data` WHERE ( `type` = 1 ) AND ( `number` = '20170223-057' ) LIMIT 1   [ RunTime:0.001000s ]
INFO: [ app_end ] --START--
INFO: Run Think\Behavior\ShowPageTrace [ RunTime:0.000000s ]
INFO: [ app_end ] --END-- [ RunTime:0.000000s ]

[ 2017-02-23T15:30:08+08:00 ] 127.0.0.1 /index.php?s=/home/index/getLastKjData/type/1&_=1487835007162
INFO: [ app_begin ] --START--
INFO: Run Think\Behavior\ReadHtmlCache [ RunTime:0.000000s ]
INFO: [ app_begin ] --END-- [ RunTime:0.001001s ]
INFO: [ action_begin ] --START--
INFO: [ action_begin ] --END-- [ RunTime:0.000000s ]
SQL: SHOW COLUMNS FROM `gygy_member_session` [ RunTime:0.013000s ]
SQL: UPDATE `gygy_member_session` SET `accessTime`=1487835007 WHERE ( `id` = 2314 ) [ RunTime:0.000000s ]
SQL: SHOW COLUMNS FROM `gygy_params` [ RunTime:0.008001s ]
NOTIC: [2] Missing argument 1 for Think\Model::where(), called in D:\webroot\lafei\Application\Home\Controller\HomeController.class.php on line 118 and defined D:\webroot\lafei\ThinkPHP\Library\Think\Model.class.php 第 1501 行.
NOTIC: [8] Undefined variable: where D:\webroot\lafei\ThinkPHP\Library\Think\Model.class.php 第 1509 行.
NOTIC: [8] Undefined variable: where D:\webroot\lafei\ThinkPHP\Library\Think\Model.class.php 第 1512 行.
NOTIC: [8] Undefined variable: where D:\webroot\lafei\ThinkPHP\Library\Think\Model.class.php 第 1520 行.
SQL: SHOW COLUMNS FROM `gygy_type` [ RunTime:0.007000s ]
SQL: SELECT `data_ftime` FROM `gygy_type` WHERE ( `id` = 1 ) LIMIT 1   [ RunTime:0.000000s ]
SQL: SHOW COLUMNS FROM `gygy_data_time` [ RunTime:0.007000s ]
SQL: SELECT * FROM `gygy_data_time` WHERE ( `type` = 1 ) AND ( `actionTime` <= '15:30:37' ) ORDER BY actionTime desc LIMIT 1   [ RunTime:0.001000s ]
SQL: SHOW COLUMNS FROM `gygy_data` [ RunTime:0.008001s ]
SQL: SELECT `data` FROM `gygy_data` WHERE ( `type` = 1 ) AND ( `number` = '20170223-057' ) LIMIT 1   [ RunTime:0.001000s ]
INFO: [ app_end ] --START--
INFO: Run Think\Behavior\ShowPageTrace [ RunTime:0.000000s ]
INFO: [ app_end ] --END-- [ RunTime:0.000000s ]

[ 2017-02-23T15:30:20+08:00 ] 127.0.0.1 /index.php?s=/home/index/getLastKjData/type/1&_=1487835019163
INFO: [ app_begin ] --START--
INFO: Run Think\Behavior\ReadHtmlCache [ RunTime:0.000000s ]
INFO: [ app_begin ] --END-- [ RunTime:0.001000s ]
INFO: [ action_begin ] --START--
INFO: [ action_begin ] --END-- [ RunTime:0.000000s ]
SQL: SHOW COLUMNS FROM `gygy_member_session` [ RunTime:0.015001s ]
SQL: UPDATE `gygy_member_session` SET `accessTime`=1487835019 WHERE ( `id` = 2314 ) [ RunTime:0.001000s ]
SQL: SHOW COLUMNS FROM `gygy_params` [ RunTime:0.013001s ]
NOTIC: [2] Missing argument 1 for Think\Model::where(), called in D:\webroot\lafei\Application\Home\Controller\HomeController.class.php on line 118 and defined D:\webroot\lafei\ThinkPHP\Library\Think\Model.class.php 第 1501 行.
NOTIC: [8] Undefined variable: where D:\webroot\lafei\ThinkPHP\Library\Think\Model.class.php 第 1509 行.
NOTIC: [8] Undefined variable: where D:\webroot\lafei\ThinkPHP\Library\Think\Model.class.php 第 1512 行.
NOTIC: [8] Undefined variable: where D:\webroot\lafei\ThinkPHP\Library\Think\Model.class.php 第 1520 行.
SQL: SHOW COLUMNS FROM `gygy_type` [ RunTime:0.015001s ]
SQL: SELECT `data_ftime` FROM `gygy_type` WHERE ( `id` = 1 ) LIMIT 1   [ RunTime:0.001000s ]
SQL: SHOW COLUMNS FROM `gygy_data_time` [ RunTime:0.013001s ]
SQL: SELECT * FROM `gygy_data_time` WHERE ( `type` = 1 ) AND ( `actionTime` <= '15:30:49' ) ORDER BY actionTime desc LIMIT 1   [ RunTime:0.002000s ]
SQL: SHOW COLUMNS FROM `gygy_data` [ RunTime:0.014001s ]
SQL: SELECT `data` FROM `gygy_data` WHERE ( `type` = 1 ) AND ( `number` = '20170223-057' ) LIMIT 1   [ RunTime:0.001000s ]
INFO: [ app_end ] --START--
INFO: Run Think\Behavior\ShowPageTrace [ RunTime:0.000000s ]
INFO: [ app_end ] --END-- [ RunTime:0.000000s ]

[ 2017-02-23T15:30:31+08:00 ] 127.0.0.1 /index.php?s=/home/index/getLastKjData/type/1&_=1487835030394
INFO: [ app_begin ] --START--
INFO: Run Think\Behavior\ReadHtmlCache [ RunTime:0.000000s ]
INFO: [ app_begin ] --END-- [ RunTime:0.000000s ]
INFO: [ action_begin ] --START--
INFO: [ action_begin ] --END-- [ RunTime:0.000000s ]
SQL: SHOW COLUMNS FROM `gygy_member_session` [ RunTime:0.014000s ]
SQL: UPDATE `gygy_member_session` SET `accessTime`=1487835030 WHERE ( `id` = 2314 ) [ RunTime:0.001001s ]
SQL: SHOW COLUMNS FROM `gygy_params` [ RunTime:0.014000s ]
NOTIC: [2] Missing argument 1 for Think\Model::where(), called in D:\webroot\lafei\Application\Home\Controller\HomeController.class.php on line 118 and defined D:\webroot\lafei\ThinkPHP\Library\Think\Model.class.php 第 1501 行.
NOTIC: [8] Undefined variable: where D:\webroot\lafei\ThinkPHP\Library\Think\Model.class.php 第 1509 行.
NOTIC: [8] Undefined variable: where D:\webroot\lafei\ThinkPHP\Library\Think\Model.class.php 第 1512 行.
NOTIC: [8] Undefined variable: where D:\webroot\lafei\ThinkPHP\Library\Think\Model.class.php 第 1520 行.
SQL: SHOW COLUMNS FROM `gygy_type` [ RunTime:0.013000s ]
SQL: SELECT `data_ftime` FROM `gygy_type` WHERE ( `id` = 1 ) LIMIT 1   [ RunTime:0.001000s ]
SQL: SHOW COLUMNS FROM `gygy_data_time` [ RunTime:0.013001s ]
SQL: SELECT * FROM `gygy_data_time` WHERE ( `type` = 1 ) AND ( `actionTime` <= '15:31:00' ) ORDER BY actionTime desc LIMIT 1   [ RunTime:0.002000s ]
SQL: SHOW COLUMNS FROM `gygy_data` [ RunTime:0.013001s ]
SQL: SELECT `data` FROM `gygy_data` WHERE ( `type` = 1 ) AND ( `number` = '20170223-057' ) LIMIT 1   [ RunTime:0.001000s ]
INFO: [ app_end ] --START--
INFO: Run Think\Behavior\ShowPageTrace [ RunTime:0.000000s ]
INFO: [ app_end ] --END-- [ RunTime:0.000000s ]

