[ 2017-02-20T00:00:00+08:00 ] 127.0.0.1 /index.php?s=/home/game/getOrdered
INFO: [ app_begin ] --START--
INFO: Run Think\Behavior\ReadHtmlCache [ RunTime:0.000000s ]
INFO: [ app_begin ] --END-- [ RunTime:0.000000s ]
INFO: [ action_begin ] --START--
INFO: [ action_begin ] --END-- [ RunTime:0.000000s ]
SQL: SHOW COLUMNS FROM `gygy_member_session` [ RunTime:0.021001s ]
SQL: UPDATE `gygy_member_session` SET `accessTime`=1487519998 WHERE ( `id` = 2312 ) [ RunTime:0.001000s ]
SQL: SHOW COLUMNS FROM `gygy_params` [ RunTime:0.017001s ]
NOTIC: [2] Missing argument 1 for Think\Model::where(), called in D:\webroot\lafei\Application\Home\Controller\HomeController.class.php on line 118 and defined D:\webroot\lafei\ThinkPHP\Library\Think\Model.class.php 第 1501 行.
NOTIC: [8] Undefined variable: where D:\webroot\lafei\ThinkPHP\Library\Think\Model.class.php 第 1509 行.
NOTIC: [8] Undefined variable: where D:\webroot\lafei\ThinkPHP\Library\Think\Model.class.php 第 1512 行.
NOTIC: [8] Undefined variable: where D:\webroot\lafei\ThinkPHP\Library\Think\Model.class.php 第 1520 行.
SQL: SHOW COLUMNS FROM `gygy_bets` [ RunTime:0.009001s ]
SQL: SELECT * FROM `gygy_bets` WHERE ( `uid` = 286 ) ORDER BY id desc LIMIT 7   [ RunTime:0.001000s ]
SQL: SHOW COLUMNS FROM `gygy_type` [ RunTime:0.009000s ]
SQL: SHOW COLUMNS FROM `gygy_played` [ RunTime:0.008001s ]
INFO: [ view_begin ] --START--
INFO: [ view_begin ] --END-- [ RunTime:0.000000s ]
INFO: [ view_parse ] --START--
NOTIC: [8] Undefined index: @attributes D:\webroot\lafei\ThinkPHP\Library\Think\Template\TagLib.class.php 第 85 行.
NOTIC: [2] array_change_key_case() expects parameter 1 to be array, null given D:\webroot\lafei\ThinkPHP\Library\Think\Template\TagLib.class.php 第 85 行.
NOTIC: [8] Undefined index: @attributes D:\webroot\lafei\ThinkPHP\Library\Think\Template\TagLib.class.php 第 85 行.
NOTIC: [2] array_change_key_case() expects parameter 1 to be array, null given D:\webroot\lafei\ThinkPHP\Library\Think\Template\TagLib.class.php 第 85 行.
NOTIC: [8] Undefined index: @attributes D:\webroot\lafei\ThinkPHP\Library\Think\Template\TagLib.class.php 第 85 行.
NOTIC: [2] array_change_key_case() expects parameter 1 to be array, null given D:\webroot\lafei\ThinkPHP\Library\Think\Template\TagLib.class.php 第 85 行.
INFO: [ template_filter ] --START--
INFO: Run Think\Behavior\ContentReplace [ RunTime:0.000000s ]
INFO: [ template_filter ] --END-- [ RunTime:0.000000s ]
INFO: Run Think\Behavior\ParseTemplate [ RunTime:0.016001s ]
INFO: [ view_parse ] --END-- [ RunTime:0.016001s ]
INFO: [ view_filter ] --START--
INFO: Run Think\Behavior\TokenBuild [ RunTime:0.000000s ]
INFO: Run Think\Behavior\WriteHtmlCache [ RunTime:0.000000s ]
INFO: [ view_filter ] --END-- [ RunTime:0.000000s ]
INFO: [ view_end ] --START--
INFO: [ view_end ] --END-- [ RunTime:0.000000s ]
INFO: [ app_end ] --START--
INFO: Run Think\Behavior\ShowPageTrace [ RunTime:0.000000s ]
INFO: [ app_end ] --END-- [ RunTime:0.000000s ]

[ 2017-02-20T00:00:01+08:00 ] 127.0.0.1 /index.php?s=/home/index/getLastKjData/type/35&_=1487519995001
INFO: [ app_begin ] --START--
INFO: Run Think\Behavior\ReadHtmlCache [ RunTime:0.001000s ]
INFO: [ app_begin ] --END-- [ RunTime:0.001000s ]
INFO: [ action_begin ] --START--
INFO: [ action_begin ] --END-- [ RunTime:0.000000s ]
SQL: SHOW COLUMNS FROM `gygy_member_session` [ RunTime:0.016001s ]
SQL: UPDATE `gygy_member_session` SET `accessTime`=1487520000 WHERE ( `id` = 2312 ) [ RunTime:0.001000s ]
SQL: SHOW COLUMNS FROM `gygy_params` [ RunTime:0.013001s ]
NOTIC: [2] Missing argument 1 for Think\Model::where(), called in D:\webroot\lafei\Application\Home\Controller\HomeController.class.php on line 118 and defined D:\webroot\lafei\ThinkPHP\Library\Think\Model.class.php 第 1501 行.
NOTIC: [8] Undefined variable: where D:\webroot\lafei\ThinkPHP\Library\Think\Model.class.php 第 1509 行.
NOTIC: [8] Undefined variable: where D:\webroot\lafei\ThinkPHP\Library\Think\Model.class.php 第 1512 行.
NOTIC: [8] Undefined variable: where D:\webroot\lafei\ThinkPHP\Library\Think\Model.class.php 第 1520 行.
SQL: SHOW COLUMNS FROM `gygy_type` [ RunTime:0.009001s ]
SQL: SELECT `data_ftime` FROM `gygy_type` WHERE ( `id` = 35 ) LIMIT 1   [ RunTime:0.000000s ]
SQL: SHOW COLUMNS FROM `gygy_data_time` [ RunTime:0.009000s ]
SQL: SELECT * FROM `gygy_data_time` WHERE ( `type` = 35 ) AND ( `actionTime` <= '00:00:55' ) ORDER BY actionTime desc LIMIT 1   [ RunTime:0.003000s ]
SQL: SHOW COLUMNS FROM `gygy_data` [ RunTime:0.009001s ]
SQL: SELECT `data` FROM `gygy_data` WHERE ( `type` = 35 ) AND ( `number` = '1776041' ) LIMIT 1   [ RunTime:0.001000s ]
SQL: SELECT `data_ftime` FROM `gygy_type` WHERE ( `id` = 35 ) LIMIT 1   [ RunTime:0.000000s ]
SQL: SELECT * FROM `gygy_data_time` WHERE ( `type` = 35 ) AND ( `actionTime` > '00:00:55' ) ORDER BY actionTime LIMIT 1   [ RunTime:0.003000s ]
SQL: SELECT `data_ftime` FROM `gygy_type` WHERE ( `id` = 35 ) LIMIT 1   [ RunTime:0.000000s ]

[ 2017-02-20T00:00:02+08:00 ] 127.0.0.1 /index.php?s=/home/index/getHistoryData/type/35
INFO: [ app_begin ] --START--
INFO: Run Think\Behavior\ReadHtmlCache [ RunTime:0.000000s ]
INFO: [ app_begin ] --END-- [ RunTime:0.001000s ]
INFO: [ action_begin ] --START--
INFO: [ action_begin ] --END-- [ RunTime:0.001000s ]
SQL: SHOW COLUMNS FROM `gygy_member_session` [ RunTime:0.032002s ]
SQL: UPDATE `gygy_member_session` SET `accessTime`=1487520001 WHERE ( `id` = 2312 ) [ RunTime:0.001000s ]
SQL: SHOW COLUMNS FROM `gygy_params` [ RunTime:0.018001s ]
NOTIC: [2] Missing argument 1 for Think\Model::where(), called in D:\webroot\lafei\Application\Home\Controller\HomeController.class.php on line 118 and defined D:\webroot\lafei\ThinkPHP\Library\Think\Model.class.php 第 1501 行.
NOTIC: [8] Undefined variable: where D:\webroot\lafei\ThinkPHP\Library\Think\Model.class.php 第 1509 行.
NOTIC: [8] Undefined variable: where D:\webroot\lafei\ThinkPHP\Library\Think\Model.class.php 第 1512 行.
NOTIC: [8] Undefined variable: where D:\webroot\lafei\ThinkPHP\Library\Think\Model.class.php 第 1520 行.
SQL: SHOW COLUMNS FROM `gygy_data` [ RunTime:0.011001s ]
SQL: SELECT `time`,`number`,`data` FROM `gygy_data` WHERE ( `type` = 35 ) ORDER BY number desc,time desc LIMIT 4   [ RunTime:0.058003s ]
INFO: [ view_begin ] --START--
INFO: [ view_begin ] --END-- [ RunTime:0.000000s ]
INFO: [ view_parse ] --START--
NOTIC: [8] Undefined index: @attributes D:\webroot\lafei\ThinkPHP\Library\Think\Template\TagLib.class.php 第 85 行.
NOTIC: [2] array_change_key_case() expects parameter 1 to be array, null given D:\webroot\lafei\ThinkPHP\Library\Think\Template\TagLib.class.php 第 85 行.
NOTIC: [8] Undefined index: @attributes D:\webroot\lafei\ThinkPHP\Library\Think\Template\TagLib.class.php 第 85 行.
NOTIC: [2] array_change_key_case() expects parameter 1 to be array, null given D:\webroot\lafei\ThinkPHP\Library\Think\Template\TagLib.class.php 第 85 行.
INFO: [ template_filter ] --START--
INFO: Run Think\Behavior\ContentReplace [ RunTime:0.000000s ]
INFO: [ template_filter ] --END-- [ RunTime:0.000000s ]
INFO: Run Think\Behavior\ParseTemplate [ RunTime:0.009001s ]
INFO: [ view_parse ] --END-- [ RunTime:0.009001s ]
INFO: [ view_filter ] --START--
INFO: Run Think\Behavior\TokenBuild [ RunTime:0.000000s ]
INFO: Run Think\Behavior\WriteHtmlCache [ RunTime:0.001000s ]
INFO: [ view_filter ] --END-- [ RunTime:0.001000s ]
INFO: [ view_end ] --START--
INFO: [ view_end ] --END-- [ RunTime:0.000000s ]
INFO: [ app_end ] --START--
INFO: Run Think\Behavior\ShowPageTrace [ RunTime:0.000000s ]
INFO: [ app_end ] --END-- [ RunTime:0.000000s ]

[ 2017-02-20T00:00:03+08:00 ] 127.0.0.1 /index.php?s=/home/index/getHistoryData/type/35
INFO: [ app_begin ] --START--
INFO: Run Think\Behavior\ReadHtmlCache [ RunTime:0.000000s ]
INFO: [ app_begin ] --END-- [ RunTime:0.000000s ]
INFO: [ action_begin ] --START--
INFO: [ action_begin ] --END-- [ RunTime:0.000000s ]
SQL: SHOW COLUMNS FROM `gygy_member_session` [ RunTime:0.027002s ]
SQL: UPDATE `gygy_member_session` SET `accessTime`=1487520002 WHERE ( `id` = 2312 ) [ RunTime:0.001000s ]
SQL: SHOW COLUMNS FROM `gygy_params` [ RunTime:0.023001s ]
NOTIC: [2] Missing argument 1 for Think\Model::where(), called in D:\webroot\lafei\Application\Home\Controller\HomeController.class.php on line 118 and defined D:\webroot\lafei\ThinkPHP\Library\Think\Model.class.php 第 1501 行.
NOTIC: [8] Undefined variable: where D:\webroot\lafei\ThinkPHP\Library\Think\Model.class.php 第 1509 行.
NOTIC: [8] Undefined variable: where D:\webroot\lafei\ThinkPHP\Library\Think\Model.class.php 第 1512 行.
NOTIC: [8] Undefined variable: where D:\webroot\lafei\ThinkPHP\Library\Think\Model.class.php 第 1520 行.
SQL: SHOW COLUMNS FROM `gygy_data` [ RunTime:0.011001s ]
SQL: SELECT `time`,`number`,`data` FROM `gygy_data` WHERE ( `type` = 35 ) ORDER BY number desc,time desc LIMIT 4   [ RunTime:0.061004s ]
INFO: [ view_begin ] --START--
INFO: [ view_begin ] --END-- [ RunTime:0.000000s ]
INFO: [ view_parse ] --START--
NOTIC: [8] Undefined index: @attributes D:\webroot\lafei\ThinkPHP\Library\Think\Template\TagLib.class.php 第 85 行.
NOTIC: [2] array_change_key_case() expects parameter 1 to be array, null given D:\webroot\lafei\ThinkPHP\Library\Think\Template\TagLib.class.php 第 85 行.
NOTIC: [8] Undefined index: @attributes D:\webroot\lafei\ThinkPHP\Library\Think\Template\TagLib.class.php 第 85 行.
NOTIC: [2] array_change_key_case() expects parameter 1 to be array, null given D:\webroot\lafei\ThinkPHP\Library\Think\Template\TagLib.class.php 第 85 行.
INFO: [ template_filter ] --START--
INFO: Run Think\Behavior\ContentReplace [ RunTime:0.000000s ]
INFO: [ template_filter ] --END-- [ RunTime:0.000000s ]
INFO: Run Think\Behavior\ParseTemplate [ RunTime:0.009000s ]
INFO: [ view_parse ] --END-- [ RunTime:0.009000s ]
INFO: [ view_filter ] --START--
INFO: Run Think\Behavior\TokenBuild [ RunTime:0.000000s ]
INFO: Run Think\Behavior\WriteHtmlCache [ RunTime:0.000000s ]
INFO: [ view_filter ] --END-- [ RunTime:0.000000s ]
INFO: [ view_end ] --START--
INFO: [ view_end ] --END-- [ RunTime:0.000000s ]
INFO: [ app_end ] --START--
INFO: Run Think\Behavior\ShowPageTrace [ RunTime:0.000000s ]
INFO: [ app_end ] --END-- [ RunTime:0.000000s ]

[ 2017-02-20T00:00:05+08:00 ] 127.0.0.1 /index.php?s=/home/index/getQiHao/type/35
INFO: [ app_begin ] --START--
INFO: Run Think\Behavior\ReadHtmlCache [ RunTime:0.000000s ]
INFO: [ app_begin ] --END-- [ RunTime:0.000000s ]
INFO: [ action_begin ] --START--
INFO: [ action_begin ] --END-- [ RunTime:0.000000s ]
SQL: SHOW COLUMNS FROM `gygy_member_session` [ RunTime:0.012001s ]
SQL: UPDATE `gygy_member_session` SET `accessTime`=1487520004 WHERE ( `id` = 2312 ) [ RunTime:0.000000s ]
SQL: SHOW COLUMNS FROM `gygy_params` [ RunTime:0.009001s ]
NOTIC: [2] Missing argument 1 for Think\Model::where(), called in D:\webroot\lafei\Application\Home\Controller\HomeController.class.php on line 118 and defined D:\webroot\lafei\ThinkPHP\Library\Think\Model.class.php 第 1501 行.
NOTIC: [8] Undefined variable: where D:\webroot\lafei\ThinkPHP\Library\Think\Model.class.php 第 1509 行.
NOTIC: [8] Undefined variable: where D:\webroot\lafei\ThinkPHP\Library\Think\Model.class.php 第 1512 行.
NOTIC: [8] Undefined variable: where D:\webroot\lafei\ThinkPHP\Library\Think\Model.class.php 第 1520 行.
SQL: SHOW COLUMNS FROM `gygy_type` [ RunTime:0.009000s ]
SQL: SELECT `data_ftime` FROM `gygy_type` WHERE ( `id` = 35 ) LIMIT 1   [ RunTime:0.001000s ]
SQL: SHOW COLUMNS FROM `gygy_data_time` [ RunTime:0.008001s ]
SQL: SELECT * FROM `gygy_data_time` WHERE ( `type` = 35 ) AND ( `actionTime` > '00:00:58' ) ORDER BY actionTime LIMIT 1   [ RunTime:0.003000s ]
SQL: SELECT `data_ftime` FROM `gygy_type` WHERE ( `id` = 35 ) LIMIT 1   [ RunTime:0.001000s ]
SQL: SELECT * FROM `gygy_data_time` WHERE ( `type` = 35 ) AND ( `actionTime` <= '00:00:58' ) ORDER BY actionTime desc LIMIT 1   [ RunTime:0.002000s ]
SQL: SELECT `data_ftime` FROM `gygy_type` WHERE ( `id` = 35 ) LIMIT 1   [ RunTime:0.000000s ]
SQL: SELECT * FROM `gygy_data_time` WHERE ( `type` = 35 ) AND ( `actionTime` > '00:00:58' ) ORDER BY actionTime LIMIT 1   [ RunTime:0.002000s ]
SQL: SELECT `data_ftime` FROM `gygy_type` WHERE ( `id` = 35 ) LIMIT 1   [ RunTime:0.000000s ]

[ 2017-02-20T00:00:06+08:00 ] 127.0.0.1 /index.php?s=/home/game/getOrdered
INFO: [ app_begin ] --START--
INFO: Run Think\Behavior\ReadHtmlCache [ RunTime:0.000000s ]
INFO: [ app_begin ] --END-- [ RunTime:0.001000s ]
INFO: [ action_begin ] --START--
INFO: [ action_begin ] --END-- [ RunTime:0.000000s ]
SQL: SHOW COLUMNS FROM `gygy_member_session` [ RunTime:0.026001s ]
SQL: UPDATE `gygy_member_session` SET `accessTime`=1487520005 WHERE ( `id` = 2312 ) [ RunTime:0.001001s ]
SQL: SHOW COLUMNS FROM `gygy_params` [ RunTime:0.013000s ]
NOTIC: [2] Missing argument 1 for Think\Model::where(), called in D:\webroot\lafei\Application\Home\Controller\HomeController.class.php on line 118 and defined D:\webroot\lafei\ThinkPHP\Library\Think\Model.class.php 第 1501 行.
NOTIC: [8] Undefined variable: where D:\webroot\lafei\ThinkPHP\Library\Think\Model.class.php 第 1509 行.
NOTIC: [8] Undefined variable: where D:\webroot\lafei\ThinkPHP\Library\Think\Model.class.php 第 1512 行.
NOTIC: [8] Undefined variable: where D:\webroot\lafei\ThinkPHP\Library\Think\Model.class.php 第 1520 行.
SQL: SHOW COLUMNS FROM `gygy_bets` [ RunTime:0.012001s ]
SQL: SELECT * FROM `gygy_bets` WHERE ( `uid` = 286 ) ORDER BY id desc LIMIT 7   [ RunTime:0.001000s ]
SQL: SHOW COLUMNS FROM `gygy_type` [ RunTime:0.009001s ]
SQL: SHOW COLUMNS FROM `gygy_played` [ RunTime:0.009000s ]
INFO: [ view_begin ] --START--
INFO: [ view_begin ] --END-- [ RunTime:0.000000s ]
INFO: [ view_parse ] --START--
NOTIC: [8] Undefined index: @attributes D:\webroot\lafei\ThinkPHP\Library\Think\Template\TagLib.class.php 第 85 行.
NOTIC: [2] array_change_key_case() expects parameter 1 to be array, null given D:\webroot\lafei\ThinkPHP\Library\Think\Template\TagLib.class.php 第 85 行.
NOTIC: [8] Undefined index: @attributes D:\webroot\lafei\ThinkPHP\Library\Think\Template\TagLib.class.php 第 85 行.
NOTIC: [2] array_change_key_case() expects parameter 1 to be array, null given D:\webroot\lafei\ThinkPHP\Library\Think\Template\TagLib.class.php 第 85 行.
NOTIC: [8] Undefined index: @attributes D:\webroot\lafei\ThinkPHP\Library\Think\Template\TagLib.class.php 第 85 行.
NOTIC: [2] array_change_key_case() expects parameter 1 to be array, null given D:\webroot\lafei\ThinkPHP\Library\Think\Template\TagLib.class.php 第 85 行.
INFO: [ template_filter ] --START--
INFO: Run Think\Behavior\ContentReplace [ RunTime:0.000000s ]
INFO: [ template_filter ] --END-- [ RunTime:0.000000s ]
INFO: Run Think\Behavior\ParseTemplate [ RunTime:0.015001s ]
INFO: [ view_parse ] --END-- [ RunTime:0.015001s ]
INFO: [ view_filter ] --START--
INFO: Run Think\Behavior\TokenBuild [ RunTime:0.000000s ]
INFO: Run Think\Behavior\WriteHtmlCache [ RunTime:0.000000s ]
INFO: [ view_filter ] --END-- [ RunTime:0.000000s ]
INFO: [ view_end ] --START--
INFO: [ view_end ] --END-- [ RunTime:0.000000s ]
INFO: [ app_end ] --START--
INFO: Run Think\Behavior\ShowPageTrace [ RunTime:0.000000s ]
INFO: [ app_end ] --END-- [ RunTime:0.000000s ]

[ 2017-02-20T00:00:07+08:00 ] 127.0.0.1 /index.php?s=/home/game/getOrdered
INFO: [ app_begin ] --START--
INFO: Run Think\Behavior\ReadHtmlCache [ RunTime:0.000000s ]
INFO: [ app_begin ] --END-- [ RunTime:0.000000s ]
INFO: [ action_begin ] --START--
INFO: [ action_begin ] --END-- [ RunTime:0.000000s ]
SQL: SHOW COLUMNS FROM `gygy_member_session` [ RunTime:0.025002s ]
SQL: UPDATE `gygy_member_session` SET `accessTime`=1487520006 WHERE ( `id` = 2312 ) [ RunTime:0.001000s ]
SQL: SHOW COLUMNS FROM `gygy_params` [ RunTime:0.024001s ]
NOTIC: [2] Missing argument 1 for Think\Model::where(), called in D:\webroot\lafei\Application\Home\Controller\HomeController.class.php on line 118 and defined D:\webroot\lafei\ThinkPHP\Library\Think\Model.class.php 第 1501 行.
NOTIC: [8] Undefined variable: where D:\webroot\lafei\ThinkPHP\Library\Think\Model.class.php 第 1509 行.
NOTIC: [8] Undefined variable: where D:\webroot\lafei\ThinkPHP\Library\Think\Model.class.php 第 1512 行.
NOTIC: [8] Undefined variable: where D:\webroot\lafei\ThinkPHP\Library\Think\Model.class.php 第 1520 行.
SQL: SHOW COLUMNS FROM `gygy_bets` [ RunTime:0.013000s ]
SQL: SELECT * FROM `gygy_bets` WHERE ( `uid` = 286 ) ORDER BY id desc LIMIT 7   [ RunTime:0.001001s ]
SQL: SHOW COLUMNS FROM `gygy_type` [ RunTime:0.013000s ]
SQL: SHOW COLUMNS FROM `gygy_played` [ RunTime:0.010001s ]
INFO: [ view_begin ] --START--
INFO: [ view_begin ] --END-- [ RunTime:0.000000s ]
INFO: [ view_parse ] --START--
NOTIC: [8] Undefined index: @attributes D:\webroot\lafei\ThinkPHP\Library\Think\Template\TagLib.class.php 第 85 行.
NOTIC: [2] array_change_key_case() expects parameter 1 to be array, null given D:\webroot\lafei\ThinkPHP\Library\Think\Template\TagLib.class.php 第 85 行.
NOTIC: [8] Undefined index: @attributes D:\webroot\lafei\ThinkPHP\Library\Think\Template\TagLib.class.php 第 85 行.
NOTIC: [2] array_change_key_case() expects parameter 1 to be array, null given D:\webroot\lafei\ThinkPHP\Library\Think\Template\TagLib.class.php 第 85 行.
NOTIC: [8] Undefined index: @attributes D:\webroot\lafei\ThinkPHP\Library\Think\Template\TagLib.class.php 第 85 行.
NOTIC: [2] array_change_key_case() expects parameter 1 to be array, null given D:\webroot\lafei\ThinkPHP\Library\Think\Template\TagLib.class.php 第 85 行.
INFO: [ template_filter ] --START--
INFO: Run Think\Behavior\ContentReplace [ RunTime:0.000000s ]
INFO: [ template_filter ] --END-- [ RunTime:0.000000s ]
INFO: Run Think\Behavior\ParseTemplate [ RunTime:0.010001s ]
INFO: [ view_parse ] --END-- [ RunTime:0.010001s ]
INFO: [ view_filter ] --START--
INFO: Run Think\Behavior\TokenBuild [ RunTime:0.000000s ]
INFO: Run Think\Behavior\WriteHtmlCache [ RunTime:0.000000s ]
INFO: [ view_filter ] --END-- [ RunTime:0.001000s ]
INFO: [ view_end ] --START--
INFO: [ view_end ] --END-- [ RunTime:0.000000s ]
INFO: [ app_end ] --START--
INFO: Run Think\Behavior\ShowPageTrace [ RunTime:0.000000s ]
INFO: [ app_end ] --END-- [ RunTime:0.000000s ]

[ 2017-02-20T00:00:09+08:00 ] 127.0.0.1 /index.php?s=/home/index/getLastKjData/type/35&_=1487520000651
INFO: [ app_begin ] --START--
INFO: Run Think\Behavior\ReadHtmlCache [ RunTime:0.000000s ]
INFO: [ app_begin ] --END-- [ RunTime:0.000000s ]
INFO: [ action_begin ] --START--
INFO: [ action_begin ] --END-- [ RunTime:0.000000s ]
SQL: SHOW COLUMNS FROM `gygy_member_session` [ RunTime:0.014001s ]
SQL: UPDATE `gygy_member_session` SET `accessTime`=1487520007 WHERE ( `id` = 2312 ) [ RunTime:0.001000s ]
SQL: SHOW COLUMNS FROM `gygy_params` [ RunTime:0.009000s ]
NOTIC: [2] Missing argument 1 for Think\Model::where(), called in D:\webroot\lafei\Application\Home\Controller\HomeController.class.php on line 118 and defined D:\webroot\lafei\ThinkPHP\Library\Think\Model.class.php 第 1501 行.
NOTIC: [8] Undefined variable: where D:\webroot\lafei\ThinkPHP\Library\Think\Model.class.php 第 1509 行.
NOTIC: [8] Undefined variable: where D:\webroot\lafei\ThinkPHP\Library\Think\Model.class.php 第 1512 行.
NOTIC: [8] Undefined variable: where D:\webroot\lafei\ThinkPHP\Library\Think\Model.class.php 第 1520 行.
SQL: SHOW COLUMNS FROM `gygy_type` [ RunTime:0.010001s ]
SQL: SELECT `data_ftime` FROM `gygy_type` WHERE ( `id` = 35 ) LIMIT 1   [ RunTime:0.001000s ]
SQL: SHOW COLUMNS FROM `gygy_data_time` [ RunTime:0.010001s ]
SQL: SELECT * FROM `gygy_data_time` WHERE ( `type` = 35 ) AND ( `actionTime` <= '00:01:02' ) ORDER BY actionTime desc LIMIT 1   [ RunTime:0.003000s ]
SQL: SHOW COLUMNS FROM `gygy_data` [ RunTime:0.009000s ]
SQL: SELECT `data` FROM `gygy_data` WHERE ( `type` = 35 ) AND ( `number` = '1777001' ) LIMIT 1   [ RunTime:0.000000s ]
INFO: [ app_end ] --START--
INFO: Run Think\Behavior\ShowPageTrace [ RunTime:0.000000s ]
INFO: [ app_end ] --END-- [ RunTime:0.000000s ]

[ 2017-02-20T00:00:10+08:00 ] 127.0.0.1 /index.php?s=/home/index/userinfo
INFO: [ app_begin ] --START--
INFO: Run Think\Behavior\ReadHtmlCache [ RunTime:0.000000s ]
INFO: [ app_begin ] --END-- [ RunTime:0.001000s ]
INFO: [ action_begin ] --START--
INFO: [ action_begin ] --END-- [ RunTime:0.000000s ]
SQL: SHOW COLUMNS FROM `gygy_member_session` [ RunTime:0.021001s ]
SQL: UPDATE `gygy_member_session` SET `accessTime`=1487520009 WHERE ( `id` = 2312 ) [ RunTime:0.000000s ]
SQL: SHOW COLUMNS FROM `gygy_params` [ RunTime:0.021001s ]
NOTIC: [2] Missing argument 1 for Think\Model::where(), called in D:\webroot\lafei\Application\Home\Controller\HomeController.class.php on line 118 and defined D:\webroot\lafei\ThinkPHP\Library\Think\Model.class.php 第 1501 行.
NOTIC: [8] Undefined variable: where D:\webroot\lafei\ThinkPHP\Library\Think\Model.class.php 第 1509 行.
NOTIC: [8] Undefined variable: where D:\webroot\lafei\ThinkPHP\Library\Think\Model.class.php 第 1512 行.
NOTIC: [8] Undefined variable: where D:\webroot\lafei\ThinkPHP\Library\Think\Model.class.php 第 1520 行.
SQL: SHOW COLUMNS FROM `gygy_members` [ RunTime:0.014001s ]
SQL: SELECT `username`,`nickname`,`enable`,`coin` FROM `gygy_members` WHERE ( `uid` = 286 ) LIMIT 1   [ RunTime:0.001000s ]

[ 2017-02-20T00:00:19+08:00 ] 127.0.0.1 /index.php?s=/home/index/getLastKjData/type/35&_=1487520016861
INFO: [ app_begin ] --START--
INFO: Run Think\Behavior\ReadHtmlCache [ RunTime:0.000000s ]
INFO: [ app_begin ] --END-- [ RunTime:0.001000s ]
INFO: [ action_begin ] --START--
INFO: [ action_begin ] --END-- [ RunTime:0.000000s ]
SQL: SHOW COLUMNS FROM `gygy_member_session` [ RunTime:0.009000s ]
SQL: UPDATE `gygy_member_session` SET `accessTime`=1487520018 WHERE ( `id` = 2312 ) [ RunTime:0.000000s ]
SQL: SHOW COLUMNS FROM `gygy_params` [ RunTime:0.009001s ]
NOTIC: [2] Missing argument 1 for Think\Model::where(), called in D:\webroot\lafei\Application\Home\Controller\HomeController.class.php on line 118 and defined D:\webroot\lafei\ThinkPHP\Library\Think\Model.class.php 第 1501 行.
NOTIC: [8] Undefined variable: where D:\webroot\lafei\ThinkPHP\Library\Think\Model.class.php 第 1509 行.
NOTIC: [8] Undefined variable: where D:\webroot\lafei\ThinkPHP\Library\Think\Model.class.php 第 1512 行.
NOTIC: [8] Undefined variable: where D:\webroot\lafei\ThinkPHP\Library\Think\Model.class.php 第 1520 行.
SQL: SHOW COLUMNS FROM `gygy_type` [ RunTime:0.009000s ]
SQL: SELECT `data_ftime` FROM `gygy_type` WHERE ( `id` = 35 ) LIMIT 1   [ RunTime:0.000000s ]
SQL: SHOW COLUMNS FROM `gygy_data_time` [ RunTime:0.009001s ]
SQL: SELECT * FROM `gygy_data_time` WHERE ( `type` = 35 ) AND ( `actionTime` <= '00:01:16' ) ORDER BY actionTime desc LIMIT 1   [ RunTime:0.003000s ]
SQL: SHOW COLUMNS FROM `gygy_data` [ RunTime:0.010001s ]
SQL: SELECT `data` FROM `gygy_data` WHERE ( `type` = 35 ) AND ( `number` = '1777001' ) LIMIT 1   [ RunTime:0.001000s ]
INFO: [ app_end ] --START--
INFO: Run Think\Behavior\ShowPageTrace [ RunTime:0.000000s ]
INFO: [ app_end ] --END-- [ RunTime:0.000000s ]

[ 2017-02-20T00:00:20+08:00 ] 127.0.0.1 /index.php?s=/home/index/getLastKjData/type/35&_=1487520018108
INFO: [ app_begin ] --START--
INFO: Run Think\Behavior\ReadHtmlCache [ RunTime:0.000000s ]
INFO: [ app_begin ] --END-- [ RunTime:0.001000s ]
INFO: [ action_begin ] --START--
INFO: [ action_begin ] --END-- [ RunTime:0.000000s ]
SQL: SHOW COLUMNS FROM `gygy_member_session` [ RunTime:0.027002s ]
SQL: UPDATE `gygy_member_session` SET `accessTime`=1487520019 WHERE ( `id` = 2312 ) [ RunTime:0.001000s ]
SQL: SHOW COLUMNS FROM `gygy_params` [ RunTime:0.014001s ]
NOTIC: [2] Missing argument 1 for Think\Model::where(), called in D:\webroot\lafei\Application\Home\Controller\HomeController.class.php on line 118 and defined D:\webroot\lafei\ThinkPHP\Library\Think\Model.class.php 第 1501 行.
NOTIC: [8] Undefined variable: where D:\webroot\lafei\ThinkPHP\Library\Think\Model.class.php 第 1509 行.
NOTIC: [8] Undefined variable: where D:\webroot\lafei\ThinkPHP\Library\Think\Model.class.php 第 1512 行.
NOTIC: [8] Undefined variable: where D:\webroot\lafei\ThinkPHP\Library\Think\Model.class.php 第 1520 行.
SQL: SHOW COLUMNS FROM `gygy_type` [ RunTime:0.012000s ]
SQL: SELECT `data_ftime` FROM `gygy_type` WHERE ( `id` = 35 ) LIMIT 1   [ RunTime:0.000000s ]
SQL: SHOW COLUMNS FROM `gygy_data_time` [ RunTime:0.012000s ]
SQL: SELECT * FROM `gygy_data_time` WHERE ( `type` = 35 ) AND ( `actionTime` <= '00:01:18' ) ORDER BY actionTime desc LIMIT 1   [ RunTime:0.004000s ]
SQL: SHOW COLUMNS FROM `gygy_data` [ RunTime:0.013000s ]
SQL: SELECT `data` FROM `gygy_data` WHERE ( `type` = 35 ) AND ( `number` = '1777001' ) LIMIT 1   [ RunTime:0.000000s ]
INFO: [ app_end ] --START--
INFO: Run Think\Behavior\ShowPageTrace [ RunTime:0.000000s ]
INFO: [ app_end ] --END-- [ RunTime:0.001000s ]

[ 2017-02-20T00:00:31+08:00 ] 127.0.0.1 /index.php?s=/home/index/getLastKjData/type/35&_=1487520030218
INFO: [ app_begin ] --START--
INFO: Run Think\Behavior\ReadHtmlCache [ RunTime:0.000000s ]
INFO: [ app_begin ] --END-- [ RunTime:0.001000s ]
INFO: [ action_begin ] --START--
INFO: [ action_begin ] --END-- [ RunTime:0.000000s ]
SQL: SHOW COLUMNS FROM `gygy_member_session` [ RunTime:0.011001s ]
SQL: UPDATE `gygy_member_session` SET `accessTime`=1487520030 WHERE ( `id` = 2312 ) [ RunTime:0.000000s ]
SQL: SHOW COLUMNS FROM `gygy_params` [ RunTime:0.009000s ]
NOTIC: [2] Missing argument 1 for Think\Model::where(), called in D:\webroot\lafei\Application\Home\Controller\HomeController.class.php on line 118 and defined D:\webroot\lafei\ThinkPHP\Library\Think\Model.class.php 第 1501 行.
NOTIC: [8] Undefined variable: where D:\webroot\lafei\ThinkPHP\Library\Think\Model.class.php 第 1509 行.
NOTIC: [8] Undefined variable: where D:\webroot\lafei\ThinkPHP\Library\Think\Model.class.php 第 1512 行.
NOTIC: [8] Undefined variable: where D:\webroot\lafei\ThinkPHP\Library\Think\Model.class.php 第 1520 行.
SQL: SHOW COLUMNS FROM `gygy_type` [ RunTime:0.008001s ]
SQL: SELECT `data_ftime` FROM `gygy_type` WHERE ( `id` = 35 ) LIMIT 1   [ RunTime:0.000000s ]
SQL: SHOW COLUMNS FROM `gygy_data_time` [ RunTime:0.008000s ]
SQL: SELECT * FROM `gygy_data_time` WHERE ( `type` = 35 ) AND ( `actionTime` <= '00:01:30' ) ORDER BY actionTime desc LIMIT 1   [ RunTime:0.002000s ]
SQL: SHOW COLUMNS FROM `gygy_data` [ RunTime:0.008001s ]
SQL: SELECT `data` FROM `gygy_data` WHERE ( `type` = 35 ) AND ( `number` = '1777002' ) LIMIT 1   [ RunTime:0.000000s ]
INFO: [ app_end ] --START--
INFO: Run Think\Behavior\ShowPageTrace [ RunTime:0.000000s ]
INFO: [ app_end ] --END-- [ RunTime:0.000000s ]

[ 2017-02-20T00:00:36+08:00 ] 127.0.0.1 /index.php?s=/home/index/getQiHao/type/35
INFO: [ app_begin ] --START--
INFO: Run Think\Behavior\ReadHtmlCache [ RunTime:0.000000s ]
INFO: [ app_begin ] --END-- [ RunTime:0.001000s ]
INFO: [ action_begin ] --START--
INFO: [ action_begin ] --END-- [ RunTime:0.000000s ]
SQL: SHOW COLUMNS FROM `gygy_member_session` [ RunTime:0.026002s ]
SQL: UPDATE `gygy_member_session` SET `accessTime`=1487520034 WHERE ( `id` = 2312 ) [ RunTime:0.000000s ]
SQL: SHOW COLUMNS FROM `gygy_params` [ RunTime:0.015001s ]
NOTIC: [2] Missing argument 1 for Think\Model::where(), called in D:\webroot\lafei\Application\Home\Controller\HomeController.class.php on line 118 and defined D:\webroot\lafei\ThinkPHP\Library\Think\Model.class.php 第 1501 行.
NOTIC: [8] Undefined variable: where D:\webroot\lafei\ThinkPHP\Library\Think\Model.class.php 第 1509 行.
NOTIC: [8] Undefined variable: where D:\webroot\lafei\ThinkPHP\Library\Think\Model.class.php 第 1512 行.
NOTIC: [8] Undefined variable: where D:\webroot\lafei\ThinkPHP\Library\Think\Model.class.php 第 1520 行.
SQL: SHOW COLUMNS FROM `gygy_type` [ RunTime:0.015001s ]
SQL: SELECT `data_ftime` FROM `gygy_type` WHERE ( `id` = 35 ) LIMIT 1   [ RunTime:0.000000s ]
SQL: SHOW COLUMNS FROM `gygy_data_time` [ RunTime:0.018001s ]
SQL: SELECT * FROM `gygy_data_time` WHERE ( `type` = 35 ) AND ( `actionTime` > '00:01:34' ) ORDER BY actionTime LIMIT 1   [ RunTime:0.004000s ]
SQL: SELECT `data_ftime` FROM `gygy_type` WHERE ( `id` = 35 ) LIMIT 1   [ RunTime:0.000000s ]
SQL: SELECT * FROM `gygy_data_time` WHERE ( `type` = 35 ) AND ( `actionTime` <= '00:01:34' ) ORDER BY actionTime desc LIMIT 1   [ RunTime:0.003000s ]
SQL: SELECT `data_ftime` FROM `gygy_type` WHERE ( `id` = 35 ) LIMIT 1   [ RunTime:0.001001s ]
SQL: SELECT * FROM `gygy_data_time` WHERE ( `type` = 35 ) AND ( `actionTime` > '00:01:34' ) ORDER BY actionTime LIMIT 1   [ RunTime:0.003000s ]
SQL: SELECT `data_ftime` FROM `gygy_type` WHERE ( `id` = 35 ) LIMIT 1   [ RunTime:0.000000s ]

[ 2017-02-20T00:00:42+08:00 ] 127.0.0.1 /index.php?s=/home/index/getLastKjData/type/35&_=1487520041360
INFO: [ app_begin ] --START--
INFO: Run Think\Behavior\ReadHtmlCache [ RunTime:0.000000s ]
INFO: [ app_begin ] --END-- [ RunTime:0.001000s ]
INFO: [ action_begin ] --START--
INFO: [ action_begin ] --END-- [ RunTime:0.000000s ]
SQL: SHOW COLUMNS FROM `gygy_member_session` [ RunTime:0.023002s ]
SQL: UPDATE `gygy_member_session` SET `accessTime`=1487520041 WHERE ( `id` = 2312 ) [ RunTime:0.001000s ]
SQL: SHOW COLUMNS FROM `gygy_params` [ RunTime:0.018001s ]
NOTIC: [2] Missing argument 1 for Think\Model::where(), called in D:\webroot\lafei\Application\Home\Controller\HomeController.class.php on line 118 and defined D:\webroot\lafei\ThinkPHP\Library\Think\Model.class.php 第 1501 行.
NOTIC: [8] Undefined variable: where D:\webroot\lafei\ThinkPHP\Library\Think\Model.class.php 第 1509 行.
NOTIC: [8] Undefined variable: where D:\webroot\lafei\ThinkPHP\Library\Think\Model.class.php 第 1512 行.
NOTIC: [8] Undefined variable: where D:\webroot\lafei\ThinkPHP\Library\Think\Model.class.php 第 1520 行.
SQL: SHOW COLUMNS FROM `gygy_type` [ RunTime:0.012001s ]
SQL: SELECT `data_ftime` FROM `gygy_type` WHERE ( `id` = 35 ) LIMIT 1   [ RunTime:0.001000s ]
SQL: SHOW COLUMNS FROM `gygy_data_time` [ RunTime:0.011000s ]
SQL: SELECT * FROM `gygy_data_time` WHERE ( `type` = 35 ) AND ( `actionTime` <= '00:01:41' ) ORDER BY actionTime desc LIMIT 1   [ RunTime:0.003000s ]
SQL: SHOW COLUMNS FROM `gygy_data` [ RunTime:0.008000s ]
SQL: SELECT `data` FROM `gygy_data` WHERE ( `type` = 35 ) AND ( `number` = '1777002' ) LIMIT 1   [ RunTime:0.000000s ]
INFO: [ app_end ] --START--
INFO: Run Think\Behavior\ShowPageTrace [ RunTime:0.000000s ]
INFO: [ app_end ] --END-- [ RunTime:0.000000s ]

[ 2017-02-20T00:00:53+08:00 ] 127.0.0.1 /index.php?s=/home/index/getLastKjData/type/35&_=1487520052571
INFO: [ app_begin ] --START--
INFO: Run Think\Behavior\ReadHtmlCache [ RunTime:0.000000s ]
INFO: [ app_begin ] --END-- [ RunTime:0.001000s ]
INFO: [ action_begin ] --START--
INFO: [ action_begin ] --END-- [ RunTime:0.000000s ]
SQL: SHOW COLUMNS FROM `gygy_member_session` [ RunTime:0.028001s ]
SQL: UPDATE `gygy_member_session` SET `accessTime`=1487520052 WHERE ( `id` = 2312 ) [ RunTime:0.001000s ]
SQL: SHOW COLUMNS FROM `gygy_params` [ RunTime:0.020001s ]
NOTIC: [2] Missing argument 1 for Think\Model::where(), called in D:\webroot\lafei\Application\Home\Controller\HomeController.class.php on line 118 and defined D:\webroot\lafei\ThinkPHP\Library\Think\Model.class.php 第 1501 行.
NOTIC: [8] Undefined variable: where D:\webroot\lafei\ThinkPHP\Library\Think\Model.class.php 第 1509 行.
NOTIC: [8] Undefined variable: where D:\webroot\lafei\ThinkPHP\Library\Think\Model.class.php 第 1512 行.
NOTIC: [8] Undefined variable: where D:\webroot\lafei\ThinkPHP\Library\Think\Model.class.php 第 1520 行.
SQL: SHOW COLUMNS FROM `gygy_type` [ RunTime:0.012000s ]
SQL: SELECT `data_ftime` FROM `gygy_type` WHERE ( `id` = 35 ) LIMIT 1   [ RunTime:0.000000s ]
SQL: SHOW COLUMNS FROM `gygy_data_time` [ RunTime:0.012000s ]
SQL: SELECT * FROM `gygy_data_time` WHERE ( `type` = 35 ) AND ( `actionTime` <= '00:01:52' ) ORDER BY actionTime desc LIMIT 1   [ RunTime:0.004000s ]
SQL: SHOW COLUMNS FROM `gygy_data` [ RunTime:0.011000s ]
SQL: SELECT `data` FROM `gygy_data` WHERE ( `type` = 35 ) AND ( `number` = '1777002' ) LIMIT 1   [ RunTime:0.000000s ]
INFO: [ app_end ] --START--
INFO: Run Think\Behavior\ShowPageTrace [ RunTime:0.000000s ]
INFO: [ app_end ] --END-- [ RunTime:0.000000s ]

